000 (11082044.002.000) 2023-06-15 13:28:04 Job submitted from host: <128.104.101.92:9618?addrs=128.104.101.92-9618+[2607-f388-107c-501-a236-9fff-fe3c-caa8]-9618&alias=submit2.chtc.wisc.edu&noUDP&sock=schedd_1879732_618e>
    DAG Node: I
...
040 (11082044.002.000) 2023-06-15 13:30:15 Started transferring input files
	Transferring to host: <128.105.69.64:9618?addrs=128.105.69.64-9618&alias=e2392.chtc.wisc.edu&noUDP&sock=slot1_14_10290_fc5c_68502>
...
040 (11082044.002.000) 2023-06-15 13:30:15 Finished transferring input files
...
001 (11082044.002.000) 2023-06-15 13:30:16 Job executing on host: <128.105.69.64:9618?addrs=128.105.69.64-9618&alias=e2392.chtc.wisc.edu&noUDP&sock=startd_8640_e65b>
	SlotName: slot1_14@e2392.chtc.wisc.edu
	CondorScratchDir = "/var/lib/condor/execute/slot1/dir_40793"
	Cpus = 1
	Disk = 10666449
	IoHeavy = 0
	Memory = 20480
...
006 (11082044.002.000) 2023-06-15 13:35:52 Image size of job updated: 29
	29  -  MemoryUsage of job (MB)
	29948  -  ResidentSetSize of job (KB)
...
004 (11082044.002.000) 2023-06-15 13:35:54 Job was evicted.
	(0) CPU times
		Usr 0 00:00:00, Sys 0 00:00:00  -  Run Remote Usage
		Usr 0 00:00:00, Sys 0 00:00:00  -  Run Local Usage
	0  -  Run Bytes Sent By Job
	2948  -  Run Bytes Received By Job
	Partitionable Resources :    Usage  Request Allocated 
	   Cpus                 :     0.00        1         1 
	   Disk (KB)            :    95    10485760  10666449 
	   IoHeavy              :                           0 
	   Memory (MB)          :    29       20480     20480 
...
009 (11082044.002.000) 2023-06-15 13:35:54 Job was aborted.
	removed because <OtherJobRemoveRequirements = DAGManJobId =?= 11082042> fired when job (11082042.0) was removed
...
