000 (11082044.003.000) 2023-06-15 13:28:04 Job submitted from host: <128.104.101.92:9618?addrs=128.104.101.92-9618+[2607-f388-107c-501-a236-9fff-fe3c-caa8]-9618&alias=submit2.chtc.wisc.edu&noUDP&sock=schedd_1879732_618e>
    DAG Node: I
...
040 (11082044.003.000) 2023-06-15 13:30:15 Started transferring input files
	Transferring to host: <128.105.68.144:9618?addrs=128.105.68.144-9618&alias=e2422.chtc.wisc.edu&noUDP&sock=slot1_10_12513_4a56_63292>
...
040 (11082044.003.000) 2023-06-15 13:30:15 Finished transferring input files
...
001 (11082044.003.000) 2023-06-15 13:30:16 Job executing on host: <128.105.68.144:9618?addrs=128.105.68.144-9618&alias=e2422.chtc.wisc.edu&noUDP&sock=startd_7775_94ef>
	SlotName: slot1_10@e2422.chtc.wisc.edu
	CondorScratchDir = "/var/lib/condor/execute/slot1/dir_14518"
	Cpus = 1
	Disk = 10673571
	IoHeavy = 0
	Memory = 20480
...
006 (11082044.003.000) 2023-06-15 13:37:19 Image size of job updated: 70
	70  -  MemoryUsage of job (MB)
	71912  -  ResidentSetSize of job (KB)
...
004 (11082044.003.000) 2023-06-15 13:37:20 Job was evicted.
	(0) CPU times
		Usr 0 00:00:01, Sys 0 00:00:00  -  Run Remote Usage
		Usr 0 00:00:00, Sys 0 00:00:00  -  Run Local Usage
	0  -  Run Bytes Sent By Job
	2948  -  Run Bytes Received By Job
	Partitionable Resources :    Usage  Request Allocated 
	   Cpus                 :     0.00        1         1 
	   Disk (KB)            :    94    10485760  10673571 
	   IoHeavy              :                           0 
	   Memory (MB)          :    70       20480     20480 
...
009 (11082044.003.000) 2023-06-15 13:37:20 Job was aborted.
	removed because <OtherJobRemoveRequirements = DAGManJobId =?= 11082042> fired when job (11082042.0) was removed
...
