000 (11082044.000.000) 2023-06-15 13:28:04 Job submitted from host: <128.104.101.92:9618?addrs=128.104.101.92-9618+[2607-f388-107c-501-a236-9fff-fe3c-caa8]-9618&alias=submit2.chtc.wisc.edu&noUDP&sock=schedd_1879732_618e>
    DAG Node: I
...
040 (11082044.000.000) 2023-06-15 13:30:12 Started transferring input files
	Transferring to host: <128.105.69.39:9618?addrs=128.105.69.39-9618&alias=e2361.chtc.wisc.edu&noUDP&sock=slot1_11_26539_e050_67207>
...
040 (11082044.000.000) 2023-06-15 13:30:12 Finished transferring input files
...
001 (11082044.000.000) 2023-06-15 13:30:13 Job executing on host: <128.105.69.39:9618?addrs=128.105.69.39-9618&alias=e2361.chtc.wisc.edu&noUDP&sock=startd_7805_28c6>
	SlotName: slot1_11@e2361.chtc.wisc.edu
	CondorScratchDir = "/var/lib/condor/execute/slot1/dir_12555"
	Cpus = 1
	Disk = 10722806
	IoHeavy = 0
	Memory = 20480
...
006 (11082044.000.000) 2023-06-15 13:36:37 Image size of job updated: 70
	70  -  MemoryUsage of job (MB)
	71904  -  ResidentSetSize of job (KB)
...
004 (11082044.000.000) 2023-06-15 13:36:37 Job was evicted.
	(0) CPU times
		Usr 0 00:00:00, Sys 0 00:00:00  -  Run Remote Usage
		Usr 0 00:00:00, Sys 0 00:00:00  -  Run Local Usage
	0  -  Run Bytes Sent By Job
	2948  -  Run Bytes Received By Job
	Partitionable Resources :    Usage  Request Allocated 
	   Cpus                 :        0        1         1 
	   Disk (KB)            :       92 10485760  10722806 
	   IoHeavy              :                           0 
	   Memory (MB)          :       70    20480     20480 
...
009 (11082044.000.000) 2023-06-15 13:36:37 Job was aborted.
	removed because <OtherJobRemoveRequirements = DAGManJobId =?= 11082042> fired when job (11082042.0) was removed
...
