000 (11082044.001.000) 2023-06-15 13:28:04 Job submitted from host: <128.104.101.92:9618?addrs=128.104.101.92-9618+[2607-f388-107c-501-a236-9fff-fe3c-caa8]-9618&alias=submit2.chtc.wisc.edu&noUDP&sock=schedd_1879732_618e>
    DAG Node: I
...
040 (11082044.001.000) 2023-06-15 13:30:14 Started transferring input files
	Transferring to host: <128.105.69.49:9618?addrs=128.105.69.49-9618&alias=e2373.chtc.wisc.edu&noUDP&sock=slot1_17_10686_00ec_64842>
...
040 (11082044.001.000) 2023-06-15 13:30:14 Finished transferring input files
...
001 (11082044.001.000) 2023-06-15 13:30:15 Job executing on host: <128.105.69.49:9618?addrs=128.105.69.49-9618&alias=e2373.chtc.wisc.edu&noUDP&sock=startd_8039_a9f0>
	SlotName: slot1_17@e2373.chtc.wisc.edu
	CondorScratchDir = "/var/lib/condor/execute/slot1/dir_34767"
	Cpus = 1
	Disk = 10944210
	IoHeavy = 0
	Memory = 20480
...
006 (11082044.001.000) 2023-06-15 13:38:32 Image size of job updated: 121
	121  -  MemoryUsage of job (MB)
	124128  -  ResidentSetSize of job (KB)
...
004 (11082044.001.000) 2023-06-15 13:38:34 Job was evicted.
	(0) CPU times
		Usr 0 00:00:00, Sys 0 00:00:00  -  Run Remote Usage
		Usr 0 00:00:00, Sys 0 00:00:00  -  Run Local Usage
	0  -  Run Bytes Sent By Job
	2948  -  Run Bytes Received By Job
	Partitionable Resources :    Usage  Request Allocated 
	   Cpus                 :     0.01        1         1 
	   Disk (KB)            :    94    10485760  10944210 
	   IoHeavy              :                           0 
	   Memory (MB)          :   121       20480     20480 
...
009 (11082044.001.000) 2023-06-15 13:38:34 Job was aborted.
	removed because <OtherJobRemoveRequirements = DAGManJobId =?= 11082042> fired when job (11082042.0) was removed
...
