000 (11082043.000.000) 2023-06-15 13:28:04 Job submitted from host: <128.104.101.92:9618?addrs=128.104.101.92-9618+[2607-f388-107c-501-a236-9fff-fe3c-caa8]-9618&alias=submit2.chtc.wisc.edu&noUDP&sock=schedd_1879732_618e>
    DAG Node: F
...
040 (11082043.000.000) 2023-06-15 13:30:12 Started transferring input files
	Transferring to host: <128.105.69.202:9618?addrs=128.105.69.202-9618+[2607-f388-2200-100-1270-fdff-fe56-c3c4]-9618&alias=e4033.chtc.wisc.edu&noUDP&sock=slot1_33_1646773_4d6f_3378>
...
040 (11082043.000.000) 2023-06-15 13:30:12 Finished transferring input files
...
001 (11082043.000.000) 2023-06-15 13:30:13 Job executing on host: <128.105.69.202:9618?addrs=128.105.69.202-9618+[2607-f388-2200-100-1270-fdff-fe56-c3c4]-9618&alias=e4033.chtc.wisc.edu&noUDP&sock=startd_15782_b7c0>
	SlotName: slot1_33@e4033.chtc.wisc.edu
	CondorScratchDir = "/var/lib/condor/execute/slot1/dir_2826228"
	Cpus = 1
	Disk = 12081974
	IoHeavy = 0
	Memory = 10240
...
000 (11082047.000.000) 2023-06-15 13:37:55 Job submitted from host: <128.104.101.92:9618?addrs=128.104.101.92-9618+[2607-f388-107c-501-a236-9fff-fe3c-caa8]-9618&alias=submit2.chtc.wisc.edu&noUDP&sock=schedd_1879732_618e>
    DAG Node: F
...
040 (11082047.000.000) 2023-06-15 13:38:06 Started transferring input files
	Transferring to host: <128.105.68.246:9618?addrs=128.105.68.246-9618&alias=e2333.chtc.wisc.edu&noUDP&sock=slot1_12_27235_456d_66687>
...
040 (11082047.000.000) 2023-06-15 13:38:06 Finished transferring input files
...
001 (11082047.000.000) 2023-06-15 13:38:07 Job executing on host: <128.105.68.246:9618?addrs=128.105.68.246-9618&alias=e2333.chtc.wisc.edu&noUDP&sock=startd_7339_85a4>
	SlotName: slot1_12@e2333.chtc.wisc.edu
	CondorScratchDir = "/var/lib/condor/execute/slot1/dir_38561"
	Cpus = 1
	Disk = 10902719
	IoHeavy = 0
	Memory = 20480
...
006 (11082047.000.000) 2023-06-15 13:38:15 Image size of job updated: 29
	29  -  MemoryUsage of job (MB)
	29928  -  ResidentSetSize of job (KB)
...
006 (11082047.000.000) 2023-06-15 13:38:39 Image size of job updated: 122
	122  -  MemoryUsage of job (MB)
	125508  -  ResidentSetSize of job (KB)
...
040 (11082047.000.000) 2023-06-15 13:38:39 Started transferring output files
...
040 (11082047.000.000) 2023-06-15 13:38:39 Finished transferring output files
...
005 (11082047.000.000) 2023-06-15 13:38:40 Job terminated.
	(1) Normal termination (return value 0)
		Usr 0 00:00:02, Sys 0 00:00:00  -  Run Remote Usage
		Usr 0 00:00:00, Sys 0 00:00:00  -  Run Local Usage
		Usr 0 00:00:02, Sys 0 00:00:00  -  Total Remote Usage
		Usr 0 00:00:00, Sys 0 00:00:00  -  Total Local Usage
	22976  -  Run Bytes Sent By Job
	1723  -  Run Bytes Received By Job
	22976  -  Total Bytes Sent By Job
	1723  -  Total Bytes Received By Job
	Partitionable Resources :    Usage  Request Allocated 
	   Cpus                 :        0        1         1 
	   Disk (KB)            :      106 10485760  10902719 
	   IoHeavy              :                           0 
	   Memory (MB)          :      122    10240     20480 

	Job terminated of its own accord at 2023-06-15T18:38:39Z with exit-code 0.
...
000 (11082049.000.000) 2023-06-15 13:47:09 Job submitted from host: <128.104.101.92:9618?addrs=128.104.101.92-9618+[2607-f388-107c-501-a236-9fff-fe3c-caa8]-9618&alias=submit2.chtc.wisc.edu&noUDP&sock=schedd_1879732_618e>
    DAG Node: F
...
040 (11082049.000.000) 2023-06-15 13:49:32 Started transferring input files
	Transferring to host: <128.105.69.26:9618?addrs=128.105.69.26-9618&alias=e348.chtc.wisc.edu&noUDP&sock=slot1_6_11338_6586_66128>
...
040 (11082049.000.000) 2023-06-15 13:49:32 Finished transferring input files
...
001 (11082049.000.000) 2023-06-15 13:49:33 Job executing on host: <128.105.69.26:9618?addrs=128.105.69.26-9618&alias=e348.chtc.wisc.edu&noUDP&sock=startd_7261_0541>
	SlotName: slot1_6@e348.chtc.wisc.edu
	CondorScratchDir = "/var/lib/condor/execute/slot1/dir_37589"
	Cpus = 1
	Disk = 10912593
	IoHeavy = 0
	Memory = 10240
...
006 (11082043.000.000) 2023-06-15 13:50:23 Image size of job updated: 122
	122  -  MemoryUsage of job (MB)
	124984  -  ResidentSetSize of job (KB)
...
004 (11082043.000.000) 2023-06-15 13:50:24 Job was evicted.
	(0) CPU times
		Usr 0 00:00:00, Sys 0 00:00:00  -  Run Remote Usage
		Usr 0 00:00:00, Sys 0 00:00:00  -  Run Local Usage
	0  -  Run Bytes Sent By Job
	1723  -  Run Bytes Received By Job
	Partitionable Resources :    Usage  Request Allocated 
	   Cpus                 :        0        1         1 
	   Disk (KB)            :      111 10485760  12081974 
	   IoHeavy              :                           0 
	   Memory (MB)          :      122    10240     10240 
...
009 (11082043.000.000) 2023-06-15 13:50:24 Job was aborted.
	removed because <OtherJobRemoveRequirements = DAGManJobId =?= 11082042> fired when job (11082042.0) was removed
...
006 (11082049.000.000) 2023-06-15 13:53:30 Image size of job updated: 122
	122  -  MemoryUsage of job (MB)
	125544  -  ResidentSetSize of job (KB)
...
040 (11082049.000.000) 2023-06-15 13:53:30 Started transferring output files
...
040 (11082049.000.000) 2023-06-15 13:53:30 Finished transferring output files
...
005 (11082049.000.000) 2023-06-15 13:53:30 Job terminated.
	(1) Normal termination (return value 0)
		Usr 0 00:00:02, Sys 0 00:00:00  -  Run Remote Usage
		Usr 0 00:00:00, Sys 0 00:00:00  -  Run Local Usage
		Usr 0 00:00:02, Sys 0 00:00:00  -  Total Remote Usage
		Usr 0 00:00:00, Sys 0 00:00:00  -  Total Local Usage
	26338  -  Run Bytes Sent By Job
	1723  -  Run Bytes Received By Job
	26338  -  Total Bytes Sent By Job
	1723  -  Total Bytes Received By Job
	Partitionable Resources :    Usage  Request Allocated 
	   Cpus                 :     0.08        1         1 
	   Disk (KB)            :   109    10485760  10912593 
	   IoHeavy              :                           0 
	   Memory (MB)          :   122       10240     10240 

	Job terminated of its own accord at 2023-06-15T18:53:30Z with exit-code 0.
...
000 (11082060.000.000) 2023-06-15 14:48:43 Job submitted from host: <128.104.101.92:9618?addrs=128.104.101.92-9618+[2607-f388-107c-501-a236-9fff-fe3c-caa8]-9618&alias=submit2.chtc.wisc.edu&noUDP&sock=schedd_1879732_618e>
    DAG Node: F
...
040 (11082060.000.000) 2023-06-15 14:50:53 Started transferring input files
	Transferring to host: <128.105.68.249:9618?addrs=128.105.68.249-9618&alias=e2336.chtc.wisc.edu&noUDP&sock=slot1_12_19456_4310_4665>
...
040 (11082060.000.000) 2023-06-15 14:50:53 Finished transferring input files
...
001 (11082060.000.000) 2023-06-15 14:50:54 Job executing on host: <128.105.68.249:9618?addrs=128.105.68.249-9618&alias=e2336.chtc.wisc.edu&noUDP&sock=startd_7299_15da>
	SlotName: slot1_12@e2336.chtc.wisc.edu
	CondorScratchDir = "/var/lib/condor/execute/slot1/dir_768"
	Cpus = 1
	Disk = 10924126
	IoHeavy = 0
	Memory = 10240
...
006 (11082060.000.000) 2023-06-15 14:56:04 Image size of job updated: 126
	126  -  MemoryUsage of job (MB)
	129260  -  ResidentSetSize of job (KB)
...
006 (11082060.000.000) 2023-06-15 15:01:04 Image size of job updated: 126
	126  -  MemoryUsage of job (MB)
	129288  -  ResidentSetSize of job (KB)
...
006 (11082060.000.000) 2023-06-15 15:06:04 Image size of job updated: 126
	126  -  MemoryUsage of job (MB)
	129312  -  ResidentSetSize of job (KB)
...
006 (11082060.000.000) 2023-06-15 15:11:05 Image size of job updated: 126
	126  -  MemoryUsage of job (MB)
	129324  -  ResidentSetSize of job (KB)
...
006 (11082060.000.000) 2023-06-15 15:16:06 Image size of job updated: 134
	134  -  MemoryUsage of job (MB)
	137772  -  ResidentSetSize of job (KB)
...
006 (11082060.000.000) 2023-06-15 15:20:54 Image size of job updated: 165
	165  -  MemoryUsage of job (MB)
	169400  -  ResidentSetSize of job (KB)
...
040 (11082060.000.000) 2023-06-15 15:20:54 Started transferring output files
...
040 (11082060.000.000) 2023-06-15 15:20:54 Finished transferring output files
...
005 (11082060.000.000) 2023-06-15 15:20:54 Job terminated.
	(1) Normal termination (return value 0)
		Usr 0 00:02:58, Sys 0 00:04:24  -  Run Remote Usage
		Usr 0 00:00:00, Sys 0 00:00:00  -  Run Local Usage
		Usr 0 00:02:58, Sys 0 00:04:24  -  Total Remote Usage
		Usr 0 00:00:00, Sys 0 00:00:00  -  Total Local Usage
	11769  -  Run Bytes Sent By Job
	1723  -  Run Bytes Received By Job
	11769  -  Total Bytes Sent By Job
	1723  -  Total Bytes Received By Job
	Partitionable Resources :    Usage  Request Allocated 
	   Cpus                 :     0.00        1         1 
	   Disk (KB)            :    95    10485760  10924126 
	   IoHeavy              :                           0 
	   Memory (MB)          :   165       10240     10240 

	Job terminated of its own accord at 2023-06-15T20:20:54Z with exit-code 0.
...
