
optional configuration file config.py not found, continuing CASA startup without it

Using matplotlib backend: <object object at 0x7fc247a75390>
Creating a new telemetry file
CASA 6.5.0.15 -- Common Astronomy Software Applications [6.5.0.15]
NGC6822_A+B.comb_spw.wt_nbcont.image/
NGC6822_A+B.comb_spw.wt_nbcont.image/mask0/
NGC6822_A+B.comb_spw.wt_nbcont.image/mask0/table.f0_TSM0
NGC6822_A+B.comb_spw.wt_nbcont.image/mask0/table.dat
NGC6822_A+B.comb_spw.wt_nbcont.image/mask0/table.lock
NGC6822_A+B.comb_spw.wt_nbcont.image/mask0/table.info
NGC6822_A+B.comb_spw.wt_nbcont.image/mask0/table.f0
NGC6822_A+B.comb_spw.wt_nbcont.image/table.f0_TSM0
NGC6822_A+B.comb_spw.wt_nbcont.image/table.dat
NGC6822_A+B.comb_spw.wt_nbcont.image/table.lock
NGC6822_A+B.comb_spw.wt_nbcont.image/table.info
NGC6822_A+B.comb_spw.wt_nbcont.image/table.f0
NGC6822_A+B.comb_spw.wt_nbcont.image/logtable/
NGC6822_A+B.comb_spw.wt_nbcont.image/logtable/table.dat
NGC6822_A+B.comb_spw.wt_nbcont.image/logtable/table.lock
NGC6822_A+B.comb_spw.wt_nbcont.image/logtable/table.info
NGC6822_A+B.comb_spw.wt_nbcont.image/logtable/table.f0
NGC6822_A+B.comb_spw.wt_nbcont.image.pbcor/
NGC6822_A+B.comb_spw.wt_nbcont.image.pbcor/mask0/
NGC6822_A+B.comb_spw.wt_nbcont.image.pbcor/mask0/table.f0_TSM0
NGC6822_A+B.comb_spw.wt_nbcont.image.pbcor/mask0/table.dat
NGC6822_A+B.comb_spw.wt_nbcont.image.pbcor/mask0/table.lock
NGC6822_A+B.comb_spw.wt_nbcont.image.pbcor/mask0/table.info
NGC6822_A+B.comb_spw.wt_nbcont.image.pbcor/mask0/table.f0
NGC6822_A+B.comb_spw.wt_nbcont.image.pbcor/table.f0_TSM0
NGC6822_A+B.comb_spw.wt_nbcont.image.pbcor/table.dat
NGC6822_A+B.comb_spw.wt_nbcont.image.pbcor/table.lock
NGC6822_A+B.comb_spw.wt_nbcont.image.pbcor/table.info
NGC6822_A+B.comb_spw.wt_nbcont.image.pbcor/table.f0
NGC6822_A+B.comb_spw.wt_nbcont.image.pbcor/logtable/
NGC6822_A+B.comb_spw.wt_nbcont.image.pbcor/logtable/table.dat
NGC6822_A+B.comb_spw.wt_nbcont.image.pbcor/logtable/table.lock
NGC6822_A+B.comb_spw.wt_nbcont.image.pbcor/logtable/table.info
NGC6822_A+B.comb_spw.wt_nbcont.image.pbcor/logtable/table.f0
NGC6822_A+B.comb_spw.wt_nbcont.log
NGC6822_A+B.comb_spw.wt_nbcont.mask/
NGC6822_A+B.comb_spw.wt_nbcont.mask/table.f0_TSM0
NGC6822_A+B.comb_spw.wt_nbcont.mask/table.dat
NGC6822_A+B.comb_spw.wt_nbcont.mask/table.lock
NGC6822_A+B.comb_spw.wt_nbcont.mask/table.info
NGC6822_A+B.comb_spw.wt_nbcont.mask/table.f0
NGC6822_A+B.comb_spw.wt_nbcont.mask/logtable/
NGC6822_A+B.comb_spw.wt_nbcont.mask/logtable/table.dat
NGC6822_A+B.comb_spw.wt_nbcont.mask/logtable/table.lock
NGC6822_A+B.comb_spw.wt_nbcont.mask/logtable/table.info
NGC6822_A+B.comb_spw.wt_nbcont.mask/logtable/table.f0
NGC6822_A+B.comb_spw.wt_nbcont.model/
NGC6822_A+B.comb_spw.wt_nbcont.model/table.f0_TSM0
NGC6822_A+B.comb_spw.wt_nbcont.model/table.dat
NGC6822_A+B.comb_spw.wt_nbcont.model/table.lock
NGC6822_A+B.comb_spw.wt_nbcont.model/table.info
NGC6822_A+B.comb_spw.wt_nbcont.model/table.f0
NGC6822_A+B.comb_spw.wt_nbcont.model/logtable/
NGC6822_A+B.comb_spw.wt_nbcont.model/logtable/table.dat
NGC6822_A+B.comb_spw.wt_nbcont.model/logtable/table.lock
NGC6822_A+B.comb_spw.wt_nbcont.model/logtable/table.info
NGC6822_A+B.comb_spw.wt_nbcont.model/logtable/table.f0
NGC6822_A+B.comb_spw.wt_nbcont.pb/
NGC6822_A+B.comb_spw.wt_nbcont.pb/mask0/
NGC6822_A+B.comb_spw.wt_nbcont.pb/mask0/table.f0_TSM0
NGC6822_A+B.comb_spw.wt_nbcont.pb/mask0/table.dat
NGC6822_A+B.comb_spw.wt_nbcont.pb/mask0/table.lock
NGC6822_A+B.comb_spw.wt_nbcont.pb/mask0/table.info
NGC6822_A+B.comb_spw.wt_nbcont.pb/mask0/table.f0
NGC6822_A+B.comb_spw.wt_nbcont.pb/table.f0_TSM0
NGC6822_A+B.comb_spw.wt_nbcont.pb/table.dat
NGC6822_A+B.comb_spw.wt_nbcont.pb/table.lock
NGC6822_A+B.comb_spw.wt_nbcont.pb/table.info
NGC6822_A+B.comb_spw.wt_nbcont.pb/table.f0
NGC6822_A+B.comb_spw.wt_nbcont.pb/logtable/
NGC6822_A+B.comb_spw.wt_nbcont.pb/logtable/table.dat
NGC6822_A+B.comb_spw.wt_nbcont.pb/logtable/table.lock
NGC6822_A+B.comb_spw.wt_nbcont.pb/logtable/table.info
NGC6822_A+B.comb_spw.wt_nbcont.pb/logtable/table.f0
NGC6822_A+B.comb_spw.wt_nbcont.psf/
NGC6822_A+B.comb_spw.wt_nbcont.psf/table.f0_TSM0
NGC6822_A+B.comb_spw.wt_nbcont.psf/table.dat
NGC6822_A+B.comb_spw.wt_nbcont.psf/table.lock
NGC6822_A+B.comb_spw.wt_nbcont.psf/table.info
NGC6822_A+B.comb_spw.wt_nbcont.psf/table.f0
NGC6822_A+B.comb_spw.wt_nbcont.psf/logtable/
NGC6822_A+B.comb_spw.wt_nbcont.psf/logtable/table.dat
NGC6822_A+B.comb_spw.wt_nbcont.psf/logtable/table.lock
NGC6822_A+B.comb_spw.wt_nbcont.psf/logtable/table.info
NGC6822_A+B.comb_spw.wt_nbcont.psf/logtable/table.f0
NGC6822_A+B.comb_spw.wt_nbcont.residual/
NGC6822_A+B.comb_spw.wt_nbcont.residual/mask0/
NGC6822_A+B.comb_spw.wt_nbcont.residual/mask0/table.f0_TSM0
NGC6822_A+B.comb_spw.wt_nbcont.residual/mask0/table.dat
NGC6822_A+B.comb_spw.wt_nbcont.residual/mask0/table.lock
NGC6822_A+B.comb_spw.wt_nbcont.residual/mask0/table.info
NGC6822_A+B.comb_spw.wt_nbcont.residual/mask0/table.f0
NGC6822_A+B.comb_spw.wt_nbcont.residual/table.f0_TSM0
NGC6822_A+B.comb_spw.wt_nbcont.residual/table.dat
NGC6822_A+B.comb_spw.wt_nbcont.residual/table.lock
NGC6822_A+B.comb_spw.wt_nbcont.residual/table.info
NGC6822_A+B.comb_spw.wt_nbcont.residual/table.f0
NGC6822_A+B.comb_spw.wt_nbcont.residual/logtable/
NGC6822_A+B.comb_spw.wt_nbcont.residual/logtable/table.dat
NGC6822_A+B.comb_spw.wt_nbcont.residual/logtable/table.lock
NGC6822_A+B.comb_spw.wt_nbcont.residual/logtable/table.info
NGC6822_A+B.comb_spw.wt_nbcont.residual/logtable/table.f0
NGC6822_A+B.comb_spw.wt_nbcont.sumwt/
NGC6822_A+B.comb_spw.wt_nbcont.sumwt/table.f0_TSM0
NGC6822_A+B.comb_spw.wt_nbcont.sumwt/table.dat
NGC6822_A+B.comb_spw.wt_nbcont.sumwt/table.lock
NGC6822_A+B.comb_spw.wt_nbcont.sumwt/table.info
NGC6822_A+B.comb_spw.wt_nbcont.sumwt/table.f0
NGC6822_A+B.comb_spw.wt_nbcont.sumwt/logtable/
NGC6822_A+B.comb_spw.wt_nbcont.sumwt/logtable/table.dat
NGC6822_A+B.comb_spw.wt_nbcont.sumwt/logtable/table.lock
NGC6822_A+B.comb_spw.wt_nbcont.sumwt/logtable/table.info
NGC6822_A+B.comb_spw.wt_nbcont.sumwt/logtable/table.f0
