000 (11100156.000.000) 2023-07-11 14:34:10 Job submitted from host: <128.104.101.92:9618?addrs=128.104.101.92-9618+[2607-f388-107c-501-a236-9fff-fe3c-caa8]-9618&alias=submit2.chtc.wisc.edu&noUDP&sock=schedd_1879732_618e>
...
040 (11100156.000.000) 2023-07-11 14:35:46 Started transferring input files
	Transferring to host: <128.105.68.157:9618?addrs=128.105.68.157-9618&alias=e2016.chtc.wisc.edu&noUDP&sock=slot1_31_209661_e427_81523>
...
040 (11100156.000.000) 2023-07-11 14:35:46 Finished transferring input files
...
001 (11100156.000.000) 2023-07-11 14:35:47 Job executing on host: <128.105.68.157:9618?addrs=128.105.68.157-9618&alias=e2016.chtc.wisc.edu&noUDP&sock=startd_8943_bb8d>
	SlotName: slot1_31@e2016.chtc.wisc.edu
	CondorScratchDir = "/var/lib/condor/execute/slot1/dir_114264"
	Cpus = 1
	Disk = 7256628
	IoHeavy = 0
	Memory = 10240
...
006 (11100156.000.000) 2023-07-11 14:40:58 Image size of job updated: 620
	620  -  MemoryUsage of job (MB)
	635792  -  ResidentSetSize of job (KB)
...
004 (11100156.000.000) 2023-07-11 14:45:02 Job was evicted.
	(0) CPU times
		Usr 0 00:06:54, Sys 0 00:00:10  -  Run Remote Usage
		Usr 0 00:00:00, Sys 0 00:00:00  -  Run Local Usage
	0  -  Run Bytes Sent By Job
	3307  -  Run Bytes Received By Job
	Partitionable Resources :     Usage  Request Allocated 
	   Cpus                 :      0.00        1         1 
	   Disk (KB)            : 102493     5242880   7256628 
	   IoHeavy              :                            0 
	   Memory (MB)          :    620       10240     10240 
...
009 (11100156.000.000) 2023-07-11 14:45:02 Job was aborted.
	via condor_rm (by user hchen792)
...
000 (11100161.000.000) 2023-07-11 14:51:27 Job submitted from host: <128.104.101.92:9618?addrs=128.104.101.92-9618+[2607-f388-107c-501-a236-9fff-fe3c-caa8]-9618&alias=submit2.chtc.wisc.edu&noUDP&sock=schedd_1879732_618e>
...
040 (11100161.000.000) 2023-07-11 14:52:19 Started transferring input files
	Transferring to host: <128.105.68.157:9618?addrs=128.105.68.157-9618&alias=e2016.chtc.wisc.edu&noUDP&sock=slot1_14_209661_e427_81567>
...
040 (11100161.000.000) 2023-07-11 14:52:19 Finished transferring input files
...
001 (11100161.000.000) 2023-07-11 14:52:20 Job executing on host: <128.105.68.157:9618?addrs=128.105.68.157-9618&alias=e2016.chtc.wisc.edu&noUDP&sock=startd_8943_bb8d>
	SlotName: slot1_14@e2016.chtc.wisc.edu
	CondorScratchDir = "/var/lib/condor/execute/slot1/dir_121316"
	Cpus = 1
	Disk = 7256628
	IoHeavy = 0
	Memory = 10240
...
006 (11100161.000.000) 2023-07-11 14:57:38 Image size of job updated: 599
	599  -  MemoryUsage of job (MB)
	613960  -  ResidentSetSize of job (KB)
...
006 (11100161.000.000) 2023-07-11 15:02:39 Image size of job updated: 599
	599  -  MemoryUsage of job (MB)
	613964  -  ResidentSetSize of job (KB)
...
006 (11100161.000.000) 2023-07-11 15:47:43 Image size of job updated: 1160
	1160  -  MemoryUsage of job (MB)
	1187924  -  ResidentSetSize of job (KB)
...
006 (11100161.000.000) 2023-07-11 15:52:44 Image size of job updated: 1168
	1168  -  MemoryUsage of job (MB)
	1196576  -  ResidentSetSize of job (KB)
...
006 (11100161.000.000) 2023-07-11 15:57:44 Image size of job updated: 1170
	1170  -  MemoryUsage of job (MB)
	1198240  -  ResidentSetSize of job (KB)
...
006 (11100161.000.000) 2023-07-11 16:17:46 Image size of job updated: 1170
	1170  -  MemoryUsage of job (MB)
	1198244  -  ResidentSetSize of job (KB)
...
006 (11100161.000.000) 2023-07-11 17:02:52 Image size of job updated: 1170
	1170  -  MemoryUsage of job (MB)
	1198256  -  ResidentSetSize of job (KB)
...
006 (11100161.000.000) 2023-07-11 17:12:54 Image size of job updated: 1170
	1170  -  MemoryUsage of job (MB)
	1198260  -  ResidentSetSize of job (KB)
...
006 (11100161.000.000) 2023-07-11 18:23:00 Image size of job updated: 1170
	1170  -  MemoryUsage of job (MB)
	1198264  -  ResidentSetSize of job (KB)
...
006 (11100161.000.000) 2023-07-11 18:28:01 Image size of job updated: 1170
	1170  -  MemoryUsage of job (MB)
	1198268  -  ResidentSetSize of job (KB)
...
006 (11100161.000.000) 2023-07-11 18:33:02 Image size of job updated: 1300
	1300  -  MemoryUsage of job (MB)
	1331860  -  ResidentSetSize of job (KB)
...
006 (11100161.000.000) 2023-07-11 18:48:03 Image size of job updated: 1300
	1300  -  MemoryUsage of job (MB)
	1331864  -  ResidentSetSize of job (KB)
...
006 (11100161.000.000) 2023-07-11 19:18:08 Image size of job updated: 1300
	1300  -  MemoryUsage of job (MB)
	1331872  -  ResidentSetSize of job (KB)
...
006 (11100161.000.000) 2023-07-11 20:43:17 Image size of job updated: 1300
	1300  -  MemoryUsage of job (MB)
	1331880  -  ResidentSetSize of job (KB)
...
006 (11100161.000.000) 2023-07-11 23:48:45 Image size of job updated: 1470
	1470  -  MemoryUsage of job (MB)
	1505432  -  ResidentSetSize of job (KB)
...
006 (11100161.000.000) 2023-07-12 07:09:37 Image size of job updated: 2004
	2004  -  MemoryUsage of job (MB)
	2052824  -  ResidentSetSize of job (KB)
...
006 (11100161.000.000) 2023-07-12 08:59:58 Image size of job updated: 2004
	2004  -  MemoryUsage of job (MB)
	2052832  -  ResidentSetSize of job (KB)
...
006 (11100161.000.000) 2023-07-12 09:04:59 Image size of job updated: 2004
	2004  -  MemoryUsage of job (MB)
	2052836  -  ResidentSetSize of job (KB)
...
022 (11100161.000.000) 2023-07-12 09:58:42 Job disconnected, attempting to reconnect
    Local schedd and job shadow died, schedd now running again
    Trying to reconnect to slot1_14@e2016.chtc.wisc.edu <128.105.68.157:9618?addrs=128.105.68.157-9618&alias=e2016.chtc.wisc.edu&noUDP&sock=startd_8943_bb8d>
...
023 (11100161.000.000) 2023-07-12 10:00:42 Job reconnected to slot1_14@e2016.chtc.wisc.edu
    startd address: <128.105.68.157:9618?addrs=128.105.68.157-9618&alias=e2016.chtc.wisc.edu&noUDP&sock=startd_8943_bb8d>
    starter address: <128.105.68.157:9618?addrs=128.105.68.157-9618&alias=e2016.chtc.wisc.edu&noUDP&sock=slot1_14_209661_e427_81567>
...
006 (11100161.000.000) 2023-07-12 10:30:08 Image size of job updated: 2250
	2086  -  MemoryUsage of job (MB)
	2250000  -  ResidentSetSize of job (KB)
...
006 (11100161.000.000) 2023-07-12 21:51:18 Image size of job updated: 2250
	2087  -  MemoryUsage of job (MB)
	2250000  -  ResidentSetSize of job (KB)
...
006 (11100161.000.000) 2023-07-13 01:36:45 Image size of job updated: 2250
	2113  -  MemoryUsage of job (MB)
	2250000  -  ResidentSetSize of job (KB)
...
005 (11100161.000.000) 2023-07-13 05:07:19 Job terminated.
	(1) Normal termination (return value 0)
		Usr 1 12:16:14, Sys 0 00:22:43  -  Run Remote Usage
		Usr 0 00:00:00, Sys 0 00:00:00  -  Run Local Usage
		Usr 2 06:09:21, Sys 0 00:32:46  -  Total Remote Usage
		Usr 0 00:00:00, Sys 0 00:00:00  -  Total Local Usage
	21039  -  Run Bytes Sent By Job
	0  -  Run Bytes Received By Job
	21039  -  Total Bytes Sent By Job
	3303  -  Total Bytes Received By Job
	Partitionable Resources :      Usage  Request Allocated 
	   Cpus                 :       0.01        1         1 
	   Disk (KB)            : 1183657     5242880   7256628 
	   Memory (MB)          :    2113       10240     10240 

	Job terminated of its own accord at 2023-07-13T10:07:18Z with exit-code 0.
...
