000 (11091768.000.000) 2023-06-21 12:41:10 Job submitted from host: <128.104.101.92:9618?addrs=128.104.101.92-9618+[2607-f388-107c-501-a236-9fff-fe3c-caa8]-9618&alias=submit2.chtc.wisc.edu&noUDP&sock=schedd_1879732_618e>
    DAG Node: G
...
001 (11091768.000.000) 2023-06-21 12:42:00 Job executing on host: <128.105.69.102:9618?addrs=128.105.69.102-9618+[2607-f388-2200-100-1270-fdff-fe56-cbc4]-9618&alias=e4013.chtc.wisc.edu&noUDP&sock=startd_11626_0c26>
	SlotName: slot1_15@e4013.chtc.wisc.edu
	CondorScratchDir = "/var/lib/condor/execute/slot1/dir_2870323"
	Cpus = 1
	Disk = 12081974
	IoHeavy = 0
	Memory = 10240
...
005 (11091768.000.000) 2023-06-21 20:25:06 Job terminated.
	(1) Normal termination (return value 0)
		Usr 0 06:41:40, Sys 0 00:30:04  -  Run Remote Usage
		Usr 0 00:00:00, Sys 0 00:00:00  -  Run Local Usage
		Usr 0 06:41:40, Sys 0 00:30:04  -  Total Remote Usage
		Usr 0 00:00:00, Sys 0 00:00:00  -  Total Local Usage
	3606  -  Run Bytes Sent By Job
	1554  -  Run Bytes Received By Job
	3606  -  Total Bytes Sent By Job
	1554  -  Total Bytes Received By Job
	Partitionable Resources :    Usage  Request Allocated 
	   Cpus                 :     0.00        1         1 
	   Disk (KB)            :    86    10485760  12081974 
	   IoHeavy              :                           0 
	   Memory (MB)          :   582       10240     10240 

	Job terminated of its own accord at 2023-06-22T01:25:04Z with exit-code 0.
...
