000 (11082062.000.000) 2023-06-15 15:21:00 Job submitted from host: <128.104.101.92:9618?addrs=128.104.101.92-9618+[2607-f388-107c-501-a236-9fff-fe3c-caa8]-9618&alias=submit2.chtc.wisc.edu&noUDP&sock=schedd_1879732_618e>
    DAG Node: G
...
040 (11082062.000.000) 2023-06-15 15:21:00 Started transferring input files
	Transferring to host: <128.105.68.249:9618?addrs=128.105.68.249-9618&alias=e2336.chtc.wisc.edu&noUDP&sock=slot1_12_19456_4310_4732>
...
040 (11082062.000.000) 2023-06-15 15:21:00 Finished transferring input files
...
001 (11082062.000.000) 2023-06-15 15:21:01 Job executing on host: <128.105.68.249:9618?addrs=128.105.68.249-9618&alias=e2336.chtc.wisc.edu&noUDP&sock=startd_7299_15da>
	SlotName: slot1_12@e2336.chtc.wisc.edu
	CondorScratchDir = "/var/lib/condor/execute/slot1/dir_36742"
	Cpus = 1
	Disk = 10924126
	IoHeavy = 0
	Memory = 10240
...
006 (11082062.000.000) 2023-06-15 15:21:10 Image size of job updated: 53
	53  -  MemoryUsage of job (MB)
	54736  -  ResidentSetSize of job (KB)
...
006 (11082062.000.000) 2023-06-15 15:26:11 Image size of job updated: 192
	192  -  MemoryUsage of job (MB)
	196904  -  ResidentSetSize of job (KB)
...
006 (11082062.000.000) 2023-06-15 15:31:12 Image size of job updated: 192
	192  -  MemoryUsage of job (MB)
	196916  -  ResidentSetSize of job (KB)
...
040 (11082062.000.000) 2023-06-15 15:32:32 Started transferring output files
...
040 (11082062.000.000) 2023-06-15 15:32:32 Finished transferring output files
...
005 (11082062.000.000) 2023-06-15 15:32:34 Job terminated.
	(1) Normal termination (return value 0)
		Usr 0 00:01:38, Sys 0 00:01:08  -  Run Remote Usage
		Usr 0 00:00:00, Sys 0 00:00:00  -  Run Local Usage
		Usr 0 00:01:38, Sys 0 00:01:08  -  Total Remote Usage
		Usr 0 00:00:00, Sys 0 00:00:00  -  Total Local Usage
	3238  -  Run Bytes Sent By Job
	1554  -  Run Bytes Received By Job
	3238  -  Total Bytes Sent By Job
	1554  -  Total Bytes Received By Job
	Partitionable Resources :    Usage  Request Allocated 
	   Cpus                 :     0.00        1         1 
	   Disk (KB)            :    87    10485760  10924126 
	   IoHeavy              :                           0 
	   Memory (MB)          :   192       10240     10240 

	Job terminated of its own accord at 2023-06-15T20:32:32Z with exit-code 0.
...
