000 (2607774.005.000) 2024-10-15 19:55:01 Job submitted from host: <128.105.68.113:9618?addrs=128.105.68.113-9618+[2607-f388-2200-100-eaeb-d3ff-fea7-d05e]-9618&alias=ap2002.chtc.wisc.edu&noUDP&sock=schedd_2532288_8511>
...
040 (2607774.005.000) 2024-10-16 04:23:39 Started transferring input files
	Transferring to host: <128.105.69.197:9618?addrs=128.105.69.197-9618+[2607-f388-2200-100-1270-fdff-fe56-6efc]-9618&alias=e4050.chtc.wisc.edu&noUDP&sock=slot1_25_564205_3678_91889>
...
040 (2607774.005.000) 2024-10-16 04:23:39 Finished transferring input files
...
001 (2607774.005.000) 2024-10-16 04:23:40 Job executing on host: <128.105.69.197:9618?addrs=128.105.69.197-9618+[2607-f388-2200-100-1270-fdff-fe56-6efc]-9618&alias=e4050.chtc.wisc.edu&noUDP&sock=startd_17818_3e93>
	SlotName: slot1_25@e4050.chtc.wisc.edu
	CondorScratchDir = "/var/lib/condor/execute/slot1/dir_3121340"
	Cpus = 1
	Disk = 10486913
	GPUs = 0
	IoHeavy = 0
	Memory = 20480
...
006 (2607774.005.000) 2024-10-16 04:23:48 Image size of job updated: 107
	107  -  MemoryUsage of job (MB)
	110256  -  ResidentSetSize of job (KB)
...
006 (2607774.005.000) 2024-10-16 04:28:49 Image size of job updated: 298
	298  -  MemoryUsage of job (MB)
	305920  -  ResidentSetSize of job (KB)
...
006 (2607774.005.000) 2024-10-16 04:33:49 Image size of job updated: 302
	302  -  MemoryUsage of job (MB)
	310236  -  ResidentSetSize of job (KB)
...
006 (2607774.005.000) 2024-10-16 04:38:49 Image size of job updated: 373
	373  -  MemoryUsage of job (MB)
	382676  -  ResidentSetSize of job (KB)
...
006 (2607774.005.000) 2024-10-16 04:48:50 Image size of job updated: 373
	373  -  MemoryUsage of job (MB)
	382880  -  ResidentSetSize of job (KB)
...
006 (2607774.005.000) 2024-10-16 04:58:51 Image size of job updated: 382
	382  -  MemoryUsage of job (MB)
	391620  -  ResidentSetSize of job (KB)
...
040 (2607774.005.000) 2024-10-16 06:06:44 Started transferring output files
...
040 (2607774.005.000) 2024-10-16 06:06:44 Finished transferring output files
...
005 (2607774.005.000) 2024-10-16 06:06:44 Job terminated.
	(1) Normal termination (return value 0)
		Usr 0 01:37:08, Sys 0 00:02:01  -  Run Remote Usage
		Usr 0 00:00:00, Sys 0 00:00:00  -  Run Local Usage
		Usr 0 01:37:08, Sys 0 00:02:01  -  Total Remote Usage
		Usr 0 00:00:00, Sys 0 00:00:00  -  Total Local Usage
	603881  -  Run Bytes Sent By Job
	3324  -  Run Bytes Received By Job
	603881  -  Total Bytes Sent By Job
	3324  -  Total Bytes Received By Job
	Partitionable Resources :    Usage  Request Allocated 
	   Cpus                 :     0.00        1         1 
	   Disk (KB)            : 51162    10485760  10486913 
	   GPUs                 :                           0 
	   IoHeavy              :                           0 
	   Memory (MB)          :   382       20480     20480 
	   TimeExecute (s)      :  6184                       
	   TimeSlotBusy (s)     :  6186                       

	Job terminated of its own accord at 2024-10-16T11:06:44Z with exit-code 0.
...
