000 (2607774.004.000) 2024-10-15 19:55:01 Job submitted from host: <128.105.68.113:9618?addrs=128.105.68.113-9618+[2607-f388-2200-100-eaeb-d3ff-fea7-d05e]-9618&alias=ap2002.chtc.wisc.edu&noUDP&sock=schedd_2532288_8511>
...
040 (2607774.004.000) 2024-10-16 02:35:36 Started transferring input files
	Transferring to host: <128.105.69.197:9618?addrs=128.105.69.197-9618+[2607-f388-2200-100-1270-fdff-fe56-6efc]-9618&alias=e4050.chtc.wisc.edu&noUDP&sock=slot1_25_564205_3678_91521>
...
040 (2607774.004.000) 2024-10-16 02:35:36 Finished transferring input files
...
001 (2607774.004.000) 2024-10-16 02:35:37 Job executing on host: <128.105.69.197:9618?addrs=128.105.69.197-9618+[2607-f388-2200-100-1270-fdff-fe56-6efc]-9618&alias=e4050.chtc.wisc.edu&noUDP&sock=startd_17818_3e93>
	SlotName: slot1_25@e4050.chtc.wisc.edu
	CondorScratchDir = "/var/lib/condor/execute/slot1/dir_3816039"
	Cpus = 1
	Disk = 10486913
	GPUs = 0
	IoHeavy = 0
	Memory = 20480
...
006 (2607774.004.000) 2024-10-16 02:35:46 Image size of job updated: 103
	103  -  MemoryUsage of job (MB)
	105736  -  ResidentSetSize of job (KB)
...
006 (2607774.004.000) 2024-10-16 02:40:46 Image size of job updated: 298
	298  -  MemoryUsage of job (MB)
	305912  -  ResidentSetSize of job (KB)
...
006 (2607774.004.000) 2024-10-16 02:45:47 Image size of job updated: 299
	299  -  MemoryUsage of job (MB)
	306260  -  ResidentSetSize of job (KB)
...
006 (2607774.004.000) 2024-10-16 02:50:47 Image size of job updated: 379
	379  -  MemoryUsage of job (MB)
	388464  -  ResidentSetSize of job (KB)
...
040 (2607774.004.000) 2024-10-16 04:23:38 Started transferring output files
...
040 (2607774.004.000) 2024-10-16 04:23:38 Finished transferring output files
...
005 (2607774.004.000) 2024-10-16 04:23:38 Job terminated.
	(1) Normal termination (return value 0)
		Usr 0 01:41:24, Sys 0 00:02:22  -  Run Remote Usage
		Usr 0 00:00:00, Sys 0 00:00:00  -  Run Local Usage
		Usr 0 01:41:24, Sys 0 00:02:22  -  Total Remote Usage
		Usr 0 00:00:00, Sys 0 00:00:00  -  Total Local Usage
	603160  -  Run Bytes Sent By Job
	3324  -  Run Bytes Received By Job
	603160  -  Total Bytes Sent By Job
	3324  -  Total Bytes Received By Job
	Partitionable Resources :    Usage  Request Allocated 
	   Cpus                 :     0.00        1         1 
	   Disk (KB)            : 51162    10485760  10486913 
	   GPUs                 :                           0 
	   IoHeavy              :                           0 
	   Memory (MB)          :   379       20480     20480 
	   TimeExecute (s)      :  6481                       
	   TimeSlotBusy (s)     :  6482                       

	Job terminated of its own accord at 2024-10-16T09:23:38Z with exit-code 0.
...
