000 (2607774.002.000) 2024-10-15 19:55:01 Job submitted from host: <128.105.68.113:9618?addrs=128.105.68.113-9618+[2607-f388-2200-100-eaeb-d3ff-fea7-d05e]-9618&alias=ap2002.chtc.wisc.edu&noUDP&sock=schedd_2532288_8511>
...
040 (2607774.002.000) 2024-10-15 22:57:53 Started transferring input files
	Transferring to host: <128.105.69.197:9618?addrs=128.105.69.197-9618+[2607-f388-2200-100-1270-fdff-fe56-6efc]-9618&alias=e4050.chtc.wisc.edu&noUDP&sock=slot1_25_564205_3678_90720>
...
040 (2607774.002.000) 2024-10-15 22:57:53 Finished transferring input files
...
001 (2607774.002.000) 2024-10-15 22:57:54 Job executing on host: <128.105.69.197:9618?addrs=128.105.69.197-9618+[2607-f388-2200-100-1270-fdff-fe56-6efc]-9618&alias=e4050.chtc.wisc.edu&noUDP&sock=startd_17818_3e93>
	SlotName: slot1_25@e4050.chtc.wisc.edu
	CondorScratchDir = "/var/lib/condor/execute/slot1/dir_1348892"
	Cpus = 1
	Disk = 10486913
	GPUs = 0
	IoHeavy = 0
	Memory = 20480
...
006 (2607774.002.000) 2024-10-15 22:58:03 Image size of job updated: 130
	130  -  MemoryUsage of job (MB)
	133256  -  ResidentSetSize of job (KB)
...
006 (2607774.002.000) 2024-10-15 23:03:03 Image size of job updated: 303
	303  -  MemoryUsage of job (MB)
	310544  -  ResidentSetSize of job (KB)
...
006 (2607774.002.000) 2024-10-15 23:18:03 Image size of job updated: 374
	374  -  MemoryUsage of job (MB)
	382988  -  ResidentSetSize of job (KB)
...
006 (2607774.002.000) 2024-10-15 23:28:04 Image size of job updated: 378
	378  -  MemoryUsage of job (MB)
	387564  -  ResidentSetSize of job (KB)
...
006 (2607774.002.000) 2024-10-15 23:33:06 Image size of job updated: 382
	382  -  MemoryUsage of job (MB)
	391380  -  ResidentSetSize of job (KB)
...
006 (2607774.002.000) 2024-10-15 23:43:07 Image size of job updated: 390
	390  -  MemoryUsage of job (MB)
	400120  -  ResidentSetSize of job (KB)
...
040 (2607774.002.000) 2024-10-16 00:33:19 Started transferring output files
...
040 (2607774.002.000) 2024-10-16 00:33:19 Finished transferring output files
...
005 (2607774.002.000) 2024-10-16 00:33:19 Job terminated.
	(1) Normal termination (return value 0)
		Usr 0 01:21:51, Sys 0 00:01:50  -  Run Remote Usage
		Usr 0 00:00:00, Sys 0 00:00:00  -  Run Local Usage
		Usr 0 01:21:51, Sys 0 00:01:50  -  Total Remote Usage
		Usr 0 00:00:00, Sys 0 00:00:00  -  Total Local Usage
	603916  -  Run Bytes Sent By Job
	3324  -  Run Bytes Received By Job
	603916  -  Total Bytes Sent By Job
	3324  -  Total Bytes Received By Job
	Partitionable Resources :    Usage  Request Allocated 
	   Cpus                 :     0.00        1         1 
	   Disk (KB)            : 51162    10485760  10486913 
	   GPUs                 :                           0 
	   IoHeavy              :                           0 
	   Memory (MB)          :   390       20480     20480 
	   TimeExecute (s)      :  5725                       
	   TimeSlotBusy (s)     :  5726                       

	Job terminated of its own accord at 2024-10-16T05:33:19Z with exit-code 0.
...
