000 (2607774.009.000) 2024-10-15 19:55:01 Job submitted from host: <128.105.68.113:9618?addrs=128.105.68.113-9618+[2607-f388-2200-100-eaeb-d3ff-fea7-d05e]-9618&alias=ap2002.chtc.wisc.edu&noUDP&sock=schedd_2532288_8511>
...
040 (2607774.009.000) 2024-10-16 12:04:18 Started transferring input files
	Transferring to host: <128.105.69.197:9618?addrs=128.105.69.197-9618+[2607-f388-2200-100-1270-fdff-fe56-6efc]-9618&alias=e4050.chtc.wisc.edu&noUDP&sock=slot1_25_564205_3678_94310>
...
040 (2607774.009.000) 2024-10-16 12:04:19 Finished transferring input files
...
001 (2607774.009.000) 2024-10-16 12:04:20 Job executing on host: <128.105.69.197:9618?addrs=128.105.69.197-9618+[2607-f388-2200-100-1270-fdff-fe56-6efc]-9618&alias=e4050.chtc.wisc.edu&noUDP&sock=startd_17818_3e93>
	SlotName: slot1_25@e4050.chtc.wisc.edu
	CondorScratchDir = "/var/lib/condor/execute/slot1/dir_1182216"
	Cpus = 1
	Disk = 10486913
	GPUs = 0
	IoHeavy = 0
	Memory = 20480
...
006 (2607774.009.000) 2024-10-16 12:04:28 Image size of job updated: 91
	91  -  MemoryUsage of job (MB)
	94168  -  ResidentSetSize of job (KB)
...
006 (2607774.009.000) 2024-10-16 12:09:29 Image size of job updated: 298
	298  -  MemoryUsage of job (MB)
	305884  -  ResidentSetSize of job (KB)
...
006 (2607774.009.000) 2024-10-16 12:14:30 Image size of job updated: 299
	299  -  MemoryUsage of job (MB)
	306244  -  ResidentSetSize of job (KB)
...
006 (2607774.009.000) 2024-10-16 12:24:30 Image size of job updated: 379
	379  -  MemoryUsage of job (MB)
	388108  -  ResidentSetSize of job (KB)
...
006 (2607774.009.000) 2024-10-16 12:44:32 Image size of job updated: 379
	379  -  MemoryUsage of job (MB)
	388320  -  ResidentSetSize of job (KB)
...
006 (2607774.009.000) 2024-10-16 13:29:36 Image size of job updated: 379
	379  -  MemoryUsage of job (MB)
	388324  -  ResidentSetSize of job (KB)
...
040 (2607774.009.000) 2024-10-16 14:13:45 Started transferring output files
...
040 (2607774.009.000) 2024-10-16 14:13:45 Finished transferring output files
...
005 (2607774.009.000) 2024-10-16 14:13:45 Job terminated.
	(1) Normal termination (return value 0)
		Usr 0 01:55:03, Sys 0 00:02:31  -  Run Remote Usage
		Usr 0 00:00:00, Sys 0 00:00:00  -  Run Local Usage
		Usr 0 01:55:03, Sys 0 00:02:31  -  Total Remote Usage
		Usr 0 00:00:00, Sys 0 00:00:00  -  Total Local Usage
	604237  -  Run Bytes Sent By Job
	3324  -  Run Bytes Received By Job
	604237  -  Total Bytes Sent By Job
	3324  -  Total Bytes Received By Job
	Partitionable Resources :    Usage  Request Allocated 
	   Cpus                 :     0.01        1         1 
	   Disk (KB)            : 51162    10485760  10486913 
	   GPUs                 :                           0 
	   IoHeavy              :                           0 
	   Memory (MB)          :   379       20480     20480 
	   TimeExecute (s)      :  7765                       
	   TimeSlotBusy (s)     :  7767                       

	Job terminated of its own accord at 2024-10-16T19:13:45Z with exit-code 0.
...
