000 (2607774.003.000) 2024-10-15 19:55:01 Job submitted from host: <128.105.68.113:9618?addrs=128.105.68.113-9618+[2607-f388-2200-100-eaeb-d3ff-fea7-d05e]-9618&alias=ap2002.chtc.wisc.edu&noUDP&sock=schedd_2532288_8511>
...
040 (2607774.003.000) 2024-10-16 00:33:19 Started transferring input files
	Transferring to host: <128.105.69.197:9618?addrs=128.105.69.197-9618+[2607-f388-2200-100-1270-fdff-fe56-6efc]-9618&alias=e4050.chtc.wisc.edu&noUDP&sock=slot1_25_564205_3678_91087>
...
040 (2607774.003.000) 2024-10-16 00:33:19 Finished transferring input files
...
001 (2607774.003.000) 2024-10-16 00:33:20 Job executing on host: <128.105.69.197:9618?addrs=128.105.69.197-9618+[2607-f388-2200-100-1270-fdff-fe56-6efc]-9618&alias=e4050.chtc.wisc.edu&noUDP&sock=startd_17818_3e93>
	SlotName: slot1_25@e4050.chtc.wisc.edu
	CondorScratchDir = "/var/lib/condor/execute/slot1/dir_150501"
	Cpus = 1
	Disk = 10486913
	GPUs = 0
	IoHeavy = 0
	Memory = 20480
...
006 (2607774.003.000) 2024-10-16 00:33:30 Image size of job updated: 130
	130  -  MemoryUsage of job (MB)
	133292  -  ResidentSetSize of job (KB)
...
006 (2607774.003.000) 2024-10-16 00:38:30 Image size of job updated: 302
	302  -  MemoryUsage of job (MB)
	310088  -  ResidentSetSize of job (KB)
...
006 (2607774.003.000) 2024-10-16 00:48:32 Image size of job updated: 376
	376  -  MemoryUsage of job (MB)
	385828  -  ResidentSetSize of job (KB)
...
006 (2607774.003.000) 2024-10-16 01:08:34 Image size of job updated: 385
	385  -  MemoryUsage of job (MB)
	394768  -  ResidentSetSize of job (KB)
...
040 (2607774.003.000) 2024-10-16 02:35:36 Started transferring output files
...
040 (2607774.003.000) 2024-10-16 02:35:36 Finished transferring output files
...
005 (2607774.003.000) 2024-10-16 02:35:36 Job terminated.
	(1) Normal termination (return value 0)
		Usr 0 01:37:48, Sys 0 00:02:37  -  Run Remote Usage
		Usr 0 00:00:00, Sys 0 00:00:00  -  Run Local Usage
		Usr 0 01:37:48, Sys 0 00:02:37  -  Total Remote Usage
		Usr 0 00:00:00, Sys 0 00:00:00  -  Total Local Usage
	603902  -  Run Bytes Sent By Job
	3324  -  Run Bytes Received By Job
	603902  -  Total Bytes Sent By Job
	3324  -  Total Bytes Received By Job
	Partitionable Resources :    Usage  Request Allocated 
	   Cpus                 :     0.00        1         1 
	   Disk (KB)            : 51163    10485760  10486913 
	   GPUs                 :                           0 
	   IoHeavy              :                           0 
	   Memory (MB)          :   385       20480     20480 
	   TimeExecute (s)      :  7336                       
	   TimeSlotBusy (s)     :  7337                       

	Job terminated of its own accord at 2024-10-16T07:35:36Z with exit-code 0.
...
