000 (2607774.006.000) 2024-10-15 19:55:01 Job submitted from host: <128.105.68.113:9618?addrs=128.105.68.113-9618+[2607-f388-2200-100-eaeb-d3ff-fea7-d05e]-9618&alias=ap2002.chtc.wisc.edu&noUDP&sock=schedd_2532288_8511>
...
040 (2607774.006.000) 2024-10-16 06:06:44 Started transferring input files
	Transferring to host: <128.105.69.197:9618?addrs=128.105.69.197-9618+[2607-f388-2200-100-1270-fdff-fe56-6efc]-9618&alias=e4050.chtc.wisc.edu&noUDP&sock=slot1_25_564205_3678_92257>
...
040 (2607774.006.000) 2024-10-16 06:06:44 Finished transferring input files
...
001 (2607774.006.000) 2024-10-16 06:06:45 Job executing on host: <128.105.69.197:9618?addrs=128.105.69.197-9618+[2607-f388-2200-100-1270-fdff-fe56-6efc]-9618&alias=e4050.chtc.wisc.edu&noUDP&sock=startd_17818_3e93>
	SlotName: slot1_25@e4050.chtc.wisc.edu
	CondorScratchDir = "/var/lib/condor/execute/slot1/dir_2489317"
	Cpus = 1
	Disk = 10486913
	GPUs = 0
	IoHeavy = 0
	Memory = 20480
...
006 (2607774.006.000) 2024-10-16 06:06:54 Image size of job updated: 77
	77  -  MemoryUsage of job (MB)
	78860  -  ResidentSetSize of job (KB)
...
006 (2607774.006.000) 2024-10-16 06:11:54 Image size of job updated: 298
	298  -  MemoryUsage of job (MB)
	305928  -  ResidentSetSize of job (KB)
...
006 (2607774.006.000) 2024-10-16 06:16:54 Image size of job updated: 299
	299  -  MemoryUsage of job (MB)
	306292  -  ResidentSetSize of job (KB)
...
006 (2607774.006.000) 2024-10-16 06:21:54 Image size of job updated: 373
	373  -  MemoryUsage of job (MB)
	382560  -  ResidentSetSize of job (KB)
...
006 (2607774.006.000) 2024-10-16 06:46:56 Image size of job updated: 373
	373  -  MemoryUsage of job (MB)
	382564  -  ResidentSetSize of job (KB)
...
006 (2607774.006.000) 2024-10-16 06:56:58 Image size of job updated: 377
	377  -  MemoryUsage of job (MB)
	386724  -  ResidentSetSize of job (KB)
...
006 (2607774.006.000) 2024-10-16 07:37:04 Image size of job updated: 381
	381  -  MemoryUsage of job (MB)
	391088  -  ResidentSetSize of job (KB)
...
040 (2607774.006.000) 2024-10-16 07:56:13 Started transferring output files
...
040 (2607774.006.000) 2024-10-16 07:56:13 Finished transferring output files
...
005 (2607774.006.000) 2024-10-16 07:56:13 Job terminated.
	(1) Normal termination (return value 0)
		Usr 0 01:40:07, Sys 0 00:02:29  -  Run Remote Usage
		Usr 0 00:00:00, Sys 0 00:00:00  -  Run Local Usage
		Usr 0 01:40:07, Sys 0 00:02:29  -  Total Remote Usage
		Usr 0 00:00:00, Sys 0 00:00:00  -  Total Local Usage
	603883  -  Run Bytes Sent By Job
	3324  -  Run Bytes Received By Job
	603883  -  Total Bytes Sent By Job
	3324  -  Total Bytes Received By Job
	Partitionable Resources :    Usage  Request Allocated 
	   Cpus                 :        0        1         1 
	   Disk (KB)            :    51162 10485760  10486913 
	   GPUs                 :                           0 
	   IoHeavy              :                           0 
	   Memory (MB)          :      381    20480     20480 
	   TimeExecute (s)      :     6568                    
	   TimeSlotBusy (s)     :     6569                    

	Job terminated of its own accord at 2024-10-16T12:56:13Z with exit-code 0.
...
