000 (2607774.007.000) 2024-10-15 19:55:01 Job submitted from host: <128.105.68.113:9618?addrs=128.105.68.113-9618+[2607-f388-2200-100-eaeb-d3ff-fea7-d05e]-9618&alias=ap2002.chtc.wisc.edu&noUDP&sock=schedd_2532288_8511>
...
040 (2607774.007.000) 2024-10-16 07:56:14 Started transferring input files
	Transferring to host: <128.105.69.197:9618?addrs=128.105.69.197-9618+[2607-f388-2200-100-1270-fdff-fe56-6efc]-9618&alias=e4050.chtc.wisc.edu&noUDP&sock=slot1_25_564205_3678_92665>
...
040 (2607774.007.000) 2024-10-16 07:56:14 Finished transferring input files
...
001 (2607774.007.000) 2024-10-16 07:56:15 Job executing on host: <128.105.69.197:9618?addrs=128.105.69.197-9618+[2607-f388-2200-100-1270-fdff-fe56-6efc]-9618&alias=e4050.chtc.wisc.edu&noUDP&sock=startd_17818_3e93>
	SlotName: slot1_25@e4050.chtc.wisc.edu
	CondorScratchDir = "/var/lib/condor/execute/slot1/dir_2175771"
	Cpus = 1
	Disk = 10486913
	GPUs = 0
	IoHeavy = 0
	Memory = 20480
...
006 (2607774.007.000) 2024-10-16 07:56:23 Image size of job updated: 61
	61  -  MemoryUsage of job (MB)
	62920  -  ResidentSetSize of job (KB)
...
006 (2607774.007.000) 2024-10-16 08:01:24 Image size of job updated: 296
	296  -  MemoryUsage of job (MB)
	303528  -  ResidentSetSize of job (KB)
...
006 (2607774.007.000) 2024-10-16 08:06:25 Image size of job updated: 305
	305  -  MemoryUsage of job (MB)
	312816  -  ResidentSetSize of job (KB)
...
006 (2607774.007.000) 2024-10-16 08:11:25 Image size of job updated: 379
	379  -  MemoryUsage of job (MB)
	389076  -  ResidentSetSize of job (KB)
...
006 (2607774.007.000) 2024-10-16 08:51:29 Image size of job updated: 380
	380  -  MemoryUsage of job (MB)
	389288  -  ResidentSetSize of job (KB)
...
040 (2607774.007.000) 2024-10-16 10:00:08 Started transferring output files
...
040 (2607774.007.000) 2024-10-16 10:00:08 Finished transferring output files
...
005 (2607774.007.000) 2024-10-16 10:00:08 Job terminated.
	(1) Normal termination (return value 0)
		Usr 0 01:46:10, Sys 0 00:02:23  -  Run Remote Usage
		Usr 0 00:00:00, Sys 0 00:00:00  -  Run Local Usage
		Usr 0 01:46:10, Sys 0 00:02:23  -  Total Remote Usage
		Usr 0 00:00:00, Sys 0 00:00:00  -  Total Local Usage
	603921  -  Run Bytes Sent By Job
	3324  -  Run Bytes Received By Job
	603921  -  Total Bytes Sent By Job
	3324  -  Total Bytes Received By Job
	Partitionable Resources :    Usage  Request Allocated 
	   Cpus                 :     0.00        1         1 
	   Disk (KB)            : 51162    10485760  10486913 
	   GPUs                 :                           0 
	   IoHeavy              :                           0 
	   Memory (MB)          :   380       20480     20480 
	   TimeExecute (s)      :  7433                       
	   TimeSlotBusy (s)     :  7435                       

	Job terminated of its own accord at 2024-10-16T15:00:08Z with exit-code 0.
...
