000 (2610917.000.000) 2024-10-16 14:35:38 Job submitted from host: <128.105.68.113:9618?addrs=128.105.68.113-9618+[2607-f388-2200-100-eaeb-d3ff-fea7-d05e]-9618&alias=ap2002.chtc.wisc.edu&noUDP&sock=schedd_2532288_8511>
    DAG Node: M
...
000 (2610917.001.000) 2024-10-16 14:35:38 Job submitted from host: <128.105.68.113:9618?addrs=128.105.68.113-9618+[2607-f388-2200-100-eaeb-d3ff-fea7-d05e]-9618&alias=ap2002.chtc.wisc.edu&noUDP&sock=schedd_2532288_8511>
    DAG Node: M
...
000 (2610917.002.000) 2024-10-16 14:35:38 Job submitted from host: <128.105.68.113:9618?addrs=128.105.68.113-9618+[2607-f388-2200-100-eaeb-d3ff-fea7-d05e]-9618&alias=ap2002.chtc.wisc.edu&noUDP&sock=schedd_2532288_8511>
    DAG Node: M
...
000 (2610917.003.000) 2024-10-16 14:35:38 Job submitted from host: <128.105.68.113:9618?addrs=128.105.68.113-9618+[2607-f388-2200-100-eaeb-d3ff-fea7-d05e]-9618&alias=ap2002.chtc.wisc.edu&noUDP&sock=schedd_2532288_8511>
    DAG Node: M
...
000 (2610917.004.000) 2024-10-16 14:35:38 Job submitted from host: <128.105.68.113:9618?addrs=128.105.68.113-9618+[2607-f388-2200-100-eaeb-d3ff-fea7-d05e]-9618&alias=ap2002.chtc.wisc.edu&noUDP&sock=schedd_2532288_8511>
    DAG Node: M
...
000 (2610917.005.000) 2024-10-16 14:35:38 Job submitted from host: <128.105.68.113:9618?addrs=128.105.68.113-9618+[2607-f388-2200-100-eaeb-d3ff-fea7-d05e]-9618&alias=ap2002.chtc.wisc.edu&noUDP&sock=schedd_2532288_8511>
    DAG Node: M
...
000 (2610917.006.000) 2024-10-16 14:35:38 Job submitted from host: <128.105.68.113:9618?addrs=128.105.68.113-9618+[2607-f388-2200-100-eaeb-d3ff-fea7-d05e]-9618&alias=ap2002.chtc.wisc.edu&noUDP&sock=schedd_2532288_8511>
    DAG Node: M
...
000 (2610917.007.000) 2024-10-16 14:35:38 Job submitted from host: <128.105.68.113:9618?addrs=128.105.68.113-9618+[2607-f388-2200-100-eaeb-d3ff-fea7-d05e]-9618&alias=ap2002.chtc.wisc.edu&noUDP&sock=schedd_2532288_8511>
    DAG Node: M
...
000 (2610917.008.000) 2024-10-16 14:35:38 Job submitted from host: <128.105.68.113:9618?addrs=128.105.68.113-9618+[2607-f388-2200-100-eaeb-d3ff-fea7-d05e]-9618&alias=ap2002.chtc.wisc.edu&noUDP&sock=schedd_2532288_8511>
    DAG Node: M
...
000 (2610917.009.000) 2024-10-16 14:35:38 Job submitted from host: <128.105.68.113:9618?addrs=128.105.68.113-9618+[2607-f388-2200-100-eaeb-d3ff-fea7-d05e]-9618&alias=ap2002.chtc.wisc.edu&noUDP&sock=schedd_2532288_8511>
    DAG Node: M
...
004 (2610917.000.000) 2024-10-17 04:18:58 Job was evicted.
	(0) CPU times
		Usr 0 00:00:00, Sys 0 00:00:00  -  Run Remote Usage
		Usr 0 00:00:00, Sys 0 00:00:00  -  Run Local Usage
	0  -  Run Bytes Sent By Job
	0  -  Run Bytes Received By Job
	Transfer input files failure at access point ap2002 while sending files to execution point backfill5_5@voyles2000.chtc.wisc.edu. Details: reading from file /home/nmpingel/LGLBS/LGLBS_Absorption/IC10_dag/extract_spectra.py: (errno 2) No such file or directory
	Partitionable Resources :    Usage  Request Allocated 
	   Cpus                 :                 1         1 
	   Disk (KB)            :       18 31457280  31459825 
	   GPUs                 :                           0 
	   Memory (MB)          :             20480     20480 
...
012 (2610917.000.000) 2024-10-17 04:18:58 Job was held.
	Transfer input files failure at access point ap2002 while sending files to execution point backfill5_5@voyles2000.chtc.wisc.edu. Details: reading from file /home/nmpingel/LGLBS/LGLBS_Absorption/IC10_dag/extract_spectra.py: (errno 2) No such file or directory
	Code 13 Subcode 2
...
004 (2610917.001.000) 2024-10-17 04:19:00 Job was evicted.
	(0) CPU times
		Usr 0 00:00:00, Sys 0 00:00:00  -  Run Remote Usage
		Usr 0 00:00:00, Sys 0 00:00:00  -  Run Local Usage
	0  -  Run Bytes Sent By Job
	0  -  Run Bytes Received By Job
	Transfer input files failure at access point ap2002 while sending files to execution point backfill5_5@voyles2000.chtc.wisc.edu. Details: reading from file /home/nmpingel/LGLBS/LGLBS_Absorption/IC10_dag/extract_spectra.py: (errno 2) No such file or directory
	Partitionable Resources :    Usage  Request Allocated 
	   Cpus                 :        0        1         1 
	   Disk (KB)            :       28 31457280  31459825 
	   GPUs                 :                           0 
	   Memory (MB)          :             20480     20480 
...
012 (2610917.001.000) 2024-10-17 04:19:01 Job was held.
	Transfer input files failure at access point ap2002 while sending files to execution point backfill5_5@voyles2000.chtc.wisc.edu. Details: reading from file /home/nmpingel/LGLBS/LGLBS_Absorption/IC10_dag/extract_spectra.py: (errno 2) No such file or directory
	Code 13 Subcode 2
...
004 (2610917.002.000) 2024-10-17 04:19:02 Job was evicted.
	(0) CPU times
		Usr 0 00:00:00, Sys 0 00:00:00  -  Run Remote Usage
		Usr 0 00:00:00, Sys 0 00:00:00  -  Run Local Usage
	0  -  Run Bytes Sent By Job
	0  -  Run Bytes Received By Job
	Transfer input files failure at access point ap2002 while sending files to execution point backfill5_5@voyles2000.chtc.wisc.edu. Details: reading from file /home/nmpingel/LGLBS/LGLBS_Absorption/IC10_dag/extract_spectra.py: (errno 2) No such file or directory
	Partitionable Resources :    Usage  Request Allocated 
	   Cpus                 :                 1         1 
	   Disk (KB)            :       19 31457280  31459825 
	   GPUs                 :                           0 
	   Memory (MB)          :             20480     20480 
...
012 (2610917.002.000) 2024-10-17 04:19:02 Job was held.
	Transfer input files failure at access point ap2002 while sending files to execution point backfill5_5@voyles2000.chtc.wisc.edu. Details: reading from file /home/nmpingel/LGLBS/LGLBS_Absorption/IC10_dag/extract_spectra.py: (errno 2) No such file or directory
	Code 13 Subcode 2
...
004 (2610917.003.000) 2024-10-17 04:19:04 Job was evicted.
	(0) CPU times
		Usr 0 00:00:00, Sys 0 00:00:00  -  Run Remote Usage
		Usr 0 00:00:00, Sys 0 00:00:00  -  Run Local Usage
	0  -  Run Bytes Sent By Job
	0  -  Run Bytes Received By Job
	Transfer input files failure at access point ap2002 while sending files to execution point backfill5_5@voyles2000.chtc.wisc.edu. Details: reading from file /home/nmpingel/LGLBS/LGLBS_Absorption/IC10_dag/extract_spectra.py: (errno 2) No such file or directory
	Partitionable Resources :    Usage  Request Allocated 
	   Cpus                 :        0        1         1 
	   Disk (KB)            :       28 31457280  31459825 
	   GPUs                 :                           0 
	   Memory (MB)          :             20480     20480 
...
012 (2610917.003.000) 2024-10-17 04:19:04 Job was held.
	Transfer input files failure at access point ap2002 while sending files to execution point backfill5_5@voyles2000.chtc.wisc.edu. Details: reading from file /home/nmpingel/LGLBS/LGLBS_Absorption/IC10_dag/extract_spectra.py: (errno 2) No such file or directory
	Code 13 Subcode 2
...
004 (2610917.004.000) 2024-10-17 04:19:06 Job was evicted.
	(0) CPU times
		Usr 0 00:00:00, Sys 0 00:00:00  -  Run Remote Usage
		Usr 0 00:00:00, Sys 0 00:00:00  -  Run Local Usage
	0  -  Run Bytes Sent By Job
	0  -  Run Bytes Received By Job
	Transfer input files failure at access point ap2002 while sending files to execution point backfill5_5@voyles2000.chtc.wisc.edu. Details: reading from file /home/nmpingel/LGLBS/LGLBS_Absorption/IC10_dag/extract_spectra.py: (errno 2) No such file or directory
	Partitionable Resources :    Usage  Request Allocated 
	   Cpus                 :                 1         1 
	   Disk (KB)            :       19 31457280  31459825 
	   GPUs                 :                           0 
	   Memory (MB)          :             20480     20480 
...
012 (2610917.004.000) 2024-10-17 04:19:06 Job was held.
	Transfer input files failure at access point ap2002 while sending files to execution point backfill5_5@voyles2000.chtc.wisc.edu. Details: reading from file /home/nmpingel/LGLBS/LGLBS_Absorption/IC10_dag/extract_spectra.py: (errno 2) No such file or directory
	Code 13 Subcode 2
...
004 (2610917.005.000) 2024-10-17 04:19:08 Job was evicted.
	(0) CPU times
		Usr 0 00:00:00, Sys 0 00:00:00  -  Run Remote Usage
		Usr 0 00:00:00, Sys 0 00:00:00  -  Run Local Usage
	0  -  Run Bytes Sent By Job
	0  -  Run Bytes Received By Job
	Transfer input files failure at access point ap2002 while sending files to execution point backfill5_5@voyles2000.chtc.wisc.edu. Details: reading from file /home/nmpingel/LGLBS/LGLBS_Absorption/IC10_dag/extract_spectra.py: (errno 2) No such file or directory
	Partitionable Resources :    Usage  Request Allocated 
	   Cpus                 :                 1         1 
	   Disk (KB)            :       18 31457280  31459825 
	   GPUs                 :                           0 
	   Memory (MB)          :             20480     20480 
...
012 (2610917.005.000) 2024-10-17 04:19:08 Job was held.
	Transfer input files failure at access point ap2002 while sending files to execution point backfill5_5@voyles2000.chtc.wisc.edu. Details: reading from file /home/nmpingel/LGLBS/LGLBS_Absorption/IC10_dag/extract_spectra.py: (errno 2) No such file or directory
	Code 13 Subcode 2
...
004 (2610917.006.000) 2024-10-17 04:19:10 Job was evicted.
	(0) CPU times
		Usr 0 00:00:00, Sys 0 00:00:00  -  Run Remote Usage
		Usr 0 00:00:00, Sys 0 00:00:00  -  Run Local Usage
	0  -  Run Bytes Sent By Job
	0  -  Run Bytes Received By Job
	Transfer input files failure at access point ap2002 while sending files to execution point backfill5_5@voyles2000.chtc.wisc.edu. Details: reading from file /home/nmpingel/LGLBS/LGLBS_Absorption/IC10_dag/extract_spectra.py: (errno 2) No such file or directory
	Partitionable Resources :    Usage  Request Allocated 
	   Cpus                 :                 1         1 
	   Disk (KB)            :       18 31457280  31459825 
	   GPUs                 :                           0 
	   Memory (MB)          :             20480     20480 
...
012 (2610917.006.000) 2024-10-17 04:19:10 Job was held.
	Transfer input files failure at access point ap2002 while sending files to execution point backfill5_5@voyles2000.chtc.wisc.edu. Details: reading from file /home/nmpingel/LGLBS/LGLBS_Absorption/IC10_dag/extract_spectra.py: (errno 2) No such file or directory
	Code 13 Subcode 2
...
004 (2610917.007.000) 2024-10-17 04:19:12 Job was evicted.
	(0) CPU times
		Usr 0 00:00:00, Sys 0 00:00:00  -  Run Remote Usage
		Usr 0 00:00:00, Sys 0 00:00:00  -  Run Local Usage
	0  -  Run Bytes Sent By Job
	0  -  Run Bytes Received By Job
	Transfer input files failure at access point ap2002 while sending files to execution point backfill5_5@voyles2000.chtc.wisc.edu. Details: reading from file /home/nmpingel/LGLBS/LGLBS_Absorption/IC10_dag/extract_spectra.py: (errno 2) No such file or directory
	Partitionable Resources :    Usage  Request Allocated 
	   Cpus                 :                 1         1 
	   Disk (KB)            :       18 31457280  31459825 
	   GPUs                 :                           0 
	   Memory (MB)          :             20480     20480 
...
012 (2610917.007.000) 2024-10-17 04:19:12 Job was held.
	Transfer input files failure at access point ap2002 while sending files to execution point backfill5_5@voyles2000.chtc.wisc.edu. Details: reading from file /home/nmpingel/LGLBS/LGLBS_Absorption/IC10_dag/extract_spectra.py: (errno 2) No such file or directory
	Code 13 Subcode 2
...
004 (2610917.008.000) 2024-10-17 04:19:13 Job was evicted.
	(0) CPU times
		Usr 0 00:00:00, Sys 0 00:00:00  -  Run Remote Usage
		Usr 0 00:00:00, Sys 0 00:00:00  -  Run Local Usage
	0  -  Run Bytes Sent By Job
	0  -  Run Bytes Received By Job
	Transfer input files failure at access point ap2002 while sending files to execution point backfill5_5@voyles2000.chtc.wisc.edu. Details: reading from file /home/nmpingel/LGLBS/LGLBS_Absorption/IC10_dag/extract_spectra.py: (errno 2) No such file or directory
	Partitionable Resources :    Usage  Request Allocated 
	   Cpus                 :                 1         1 
	   Disk (KB)            :       18 31457280  31459825 
	   GPUs                 :                           0 
	   Memory (MB)          :             20480     20480 
...
012 (2610917.008.000) 2024-10-17 04:19:13 Job was held.
	Transfer input files failure at access point ap2002 while sending files to execution point backfill5_5@voyles2000.chtc.wisc.edu. Details: reading from file /home/nmpingel/LGLBS/LGLBS_Absorption/IC10_dag/extract_spectra.py: (errno 2) No such file or directory
	Code 13 Subcode 2
...
004 (2610917.009.000) 2024-10-17 04:19:15 Job was evicted.
	(0) CPU times
		Usr 0 00:00:00, Sys 0 00:00:00  -  Run Remote Usage
		Usr 0 00:00:00, Sys 0 00:00:00  -  Run Local Usage
	0  -  Run Bytes Sent By Job
	0  -  Run Bytes Received By Job
	Transfer input files failure at access point ap2002 while sending files to execution point backfill5_5@voyles2000.chtc.wisc.edu. Details: reading from file /home/nmpingel/LGLBS/LGLBS_Absorption/IC10_dag/extract_spectra.py: (errno 2) No such file or directory
	Partitionable Resources :    Usage  Request Allocated 
	   Cpus                 :                 1         1 
	   Disk (KB)            :       18 31457280  31459825 
	   GPUs                 :                           0 
	   Memory (MB)          :             20480     20480 
...
012 (2610917.009.000) 2024-10-17 04:19:16 Job was held.
	Transfer input files failure at access point ap2002 while sending files to execution point backfill5_5@voyles2000.chtc.wisc.edu. Details: reading from file /home/nmpingel/LGLBS/LGLBS_Absorption/IC10_dag/extract_spectra.py: (errno 2) No such file or directory
	Code 13 Subcode 2
...
009 (2610917.000.000) 2024-10-17 12:40:25 Job was aborted.
	via condor_rm (by user nmpingel)
...
009 (2610917.001.000) 2024-10-17 12:40:25 Job was aborted.
	via condor_rm (by user nmpingel)
...
009 (2610917.002.000) 2024-10-17 12:40:25 Job was aborted.
	via condor_rm (by user nmpingel)
...
009 (2610917.003.000) 2024-10-17 12:40:25 Job was aborted.
	via condor_rm (by user nmpingel)
...
009 (2610917.004.000) 2024-10-17 12:40:25 Job was aborted.
	via condor_rm (by user nmpingel)
...
009 (2610917.005.000) 2024-10-17 12:40:25 Job was aborted.
	via condor_rm (by user nmpingel)
...
009 (2610917.006.000) 2024-10-17 12:40:25 Job was aborted.
	via condor_rm (by user nmpingel)
...
009 (2610917.007.000) 2024-10-17 12:40:25 Job was aborted.
	via condor_rm (by user nmpingel)
...
009 (2610917.008.000) 2024-10-17 12:40:25 Job was aborted.
	via condor_rm (by user nmpingel)
...
009 (2610917.009.000) 2024-10-17 12:40:25 Job was aborted.
	via condor_rm (by user nmpingel)
...
