analysis_scripts/
analysis_scripts/plotbandpass3.py
analysis_scripts/fileIOPython.py
analysis_scripts/tsysNormalize.py
analysis_scripts/mpfit.py
analysis_scripts/analysisUtils.py
analysis_scripts/XmlObjectifier_python3.py
analysis_scripts/au_noASDMLibrary.py
analysis_scripts/checksource.py
analysis_scripts/almahelpers_localcopy.py
analysis_scripts/AntPosResult.py
analysis_scripts/WvrCorrection.py
analysis_scripts/almaqa2csg.py
analysis_scripts/readscans.py
analysis_scripts/AOS_Pads_XYZ_ENU.txt
analysis_scripts/almaqa2isg.py
analysis_scripts/tmUtils.py
analysis_scripts/compUtils.py
analysis_scripts/XmlObjectifier.py
analysis_scripts/README
analysis_scripts/CompareAntPosResults.py
analysis_scripts/calDatabaseQuery.py
analysis_scripts/O2SounderPlayer.py
phangs_imaging_scripts/
phangs_imaging_scripts/run_casa_pipeline_phangs-alma.py
phangs_imaging_scripts/LICENSE.rst
phangs_imaging_scripts/.gitignore
phangs_imaging_scripts/pyproject.toml
phangs_imaging_scripts/setup.py
phangs_imaging_scripts/README.rst
phangs_imaging_scripts/phangs-alma_keys/
phangs_imaging_scripts/phangs-alma_keys/config_definitions.txt
phangs_imaging_scripts/phangs-alma_keys/overrides.txt
phangs_imaging_scripts/phangs-alma_keys/imaging_recipes.txt
phangs_imaging_scripts/phangs-alma_keys/moment_key.txt
phangs_imaging_scripts/phangs-alma_keys/singledish_key.txt
phangs_imaging_scripts/phangs-alma_keys/dir_key.txt
phangs_imaging_scripts/phangs-alma_keys/continuum_mosaic.clean
phangs_imaging_scripts/phangs-alma_keys/cube_mosaic.clean
phangs_imaging_scripts/phangs-alma_keys/derived_key.txt
phangs_imaging_scripts/phangs-alma_keys/target_definitions.txt
phangs_imaging_scripts/phangs-alma_keys/ms_file_key.txt
phangs_imaging_scripts/phangs-alma_keys/linearmosaic_definitions.txt
phangs_imaging_scripts/phangs-alma_keys/master_key.txt
phangs_imaging_scripts/phangs-alma_keys/cleanmask_key.txt
phangs_imaging_scripts/phangs-alma_keys/distance_key.txt
phangs_imaging_scripts/CITATION.md
phangs_imaging_scripts/MANIFEST.in
phangs_imaging_scripts/example_make_products.py
phangs_imaging_scripts/phangsPipeline/
phangs_imaging_scripts/phangsPipeline/PHANGSPipelineREADME.md
phangs_imaging_scripts/phangsPipeline/handlerImaging.py
phangs_imaging_scripts/phangsPipeline/_astropy_init.py
phangs_imaging_scripts/phangsPipeline/handlerAlmaDownload.py
phangs_imaging_scripts/phangsPipeline/scStackingRoutines.py
phangs_imaging_scripts/phangsPipeline/casaCubeRoutines.py
phangs_imaging_scripts/phangsPipeline/casaFeatherRoutines.py
phangs_imaging_scripts/phangsPipeline/scNoiseRoutines.py
phangs_imaging_scripts/phangsPipeline/handlerDerived.py
phangs_imaging_scripts/phangsPipeline/casaSingleDishRoutines.py
phangs_imaging_scripts/phangsPipeline/clean_call.py
phangs_imaging_scripts/phangsPipeline/statsHandler.py
phangs_imaging_scripts/phangsPipeline/__pycache__/
phangs_imaging_scripts/phangsPipeline/__pycache__/utilsResolutions.cpython-38.pyc
phangs_imaging_scripts/phangsPipeline/__pycache__/casaCubeRoutines.cpython-38.pyc
phangs_imaging_scripts/phangsPipeline/__pycache__/_astropy_init.cpython-38.pyc
phangs_imaging_scripts/phangsPipeline/__pycache__/casaMaskingRoutines.cpython-38.pyc
phangs_imaging_scripts/phangsPipeline/__pycache__/handlerImaging.cpython-38.pyc
phangs_imaging_scripts/phangsPipeline/__pycache__/handlerPostprocess.cpython-38.pyc
phangs_imaging_scripts/phangsPipeline/__pycache__/handlerSingleDish.cpython-38.pyc
phangs_imaging_scripts/phangsPipeline/__pycache__/handlerAlmaDownload.cpython-38.pyc
phangs_imaging_scripts/phangsPipeline/__pycache__/casaSingleDishRoutines.cpython-38.pyc
phangs_imaging_scripts/phangsPipeline/__pycache__/pipelineVersion.cpython-38.pyc
phangs_imaging_scripts/phangsPipeline/__pycache__/handlerVis.cpython-38.pyc
phangs_imaging_scripts/phangsPipeline/__pycache__/__init__.cpython-38.pyc
phangs_imaging_scripts/phangsPipeline/__pycache__/casa_check.cpython-38.pyc
phangs_imaging_scripts/phangsPipeline/__pycache__/clean_call.cpython-38.pyc
phangs_imaging_scripts/phangsPipeline/__pycache__/phangsLogger.cpython-38.pyc
phangs_imaging_scripts/phangsPipeline/__pycache__/casaMosaicRoutines.cpython-38.pyc
phangs_imaging_scripts/phangsPipeline/__pycache__/handlerDerived.cpython-38.pyc
phangs_imaging_scripts/phangsPipeline/__pycache__/casaVisRoutines.cpython-38.pyc
phangs_imaging_scripts/phangsPipeline/__pycache__/handlerTemplate.cpython-38.pyc
phangs_imaging_scripts/phangsPipeline/__pycache__/handlerKeys.cpython-38.pyc
phangs_imaging_scripts/phangsPipeline/__pycache__/utilsKeyReaders.cpython-38.pyc
phangs_imaging_scripts/phangsPipeline/__pycache__/casaImagingRoutines.cpython-38.pyc
phangs_imaging_scripts/phangsPipeline/__pycache__/casaStuff.cpython-38.pyc
phangs_imaging_scripts/phangsPipeline/__pycache__/taskSDIntImaging.cpython-38.pyc
phangs_imaging_scripts/phangsPipeline/__pycache__/casaFeatherRoutines.cpython-38.pyc
phangs_imaging_scripts/phangsPipeline/__pycache__/utilsFilenames.cpython-38.pyc
phangs_imaging_scripts/phangsPipeline/__pycache__/utilsLines.cpython-38.pyc
phangs_imaging_scripts/phangsPipeline/__pycache__/utilsLists.cpython-38.pyc
phangs_imaging_scripts/phangsPipeline/taskSDIntImaging.py
phangs_imaging_scripts/phangsPipeline/casaImagingRoutines.py
phangs_imaging_scripts/phangsPipeline/conftest.py
phangs_imaging_scripts/phangsPipeline/__init__.py
phangs_imaging_scripts/phangsPipeline/utilsLists.py
phangs_imaging_scripts/phangsPipeline/casa_check.py
phangs_imaging_scripts/phangsPipeline/casaMaskingRoutines.py
phangs_imaging_scripts/phangsPipeline/casaBlankCleanRecipes.py
phangs_imaging_scripts/phangsPipeline/scMoments.py
phangs_imaging_scripts/phangsPipeline/tests/
phangs_imaging_scripts/phangsPipeline/tests/__init__.py
phangs_imaging_scripts/phangsPipeline/scBackups.py
phangs_imaging_scripts/phangsPipeline/handlerKeys.py
phangs_imaging_scripts/phangsPipeline/handlerVis.py
phangs_imaging_scripts/phangsPipeline/casaStuff.py
phangs_imaging_scripts/phangsPipeline/handlerTemplate.py
phangs_imaging_scripts/phangsPipeline/data/
phangs_imaging_scripts/phangsPipeline/data/README.rst
phangs_imaging_scripts/phangsPipeline/handlerSingleDish.py
phangs_imaging_scripts/phangsPipeline/handlerRelease.py
phangs_imaging_scripts/phangsPipeline/pipelineVersion.py
phangs_imaging_scripts/phangsPipeline/scConvolution.py
phangs_imaging_scripts/phangsPipeline/casaMosaicRoutines.py
phangs_imaging_scripts/phangsPipeline/handlerPostprocess.py
phangs_imaging_scripts/phangsPipeline/scMaskingRoutines.py
phangs_imaging_scripts/phangsPipeline/utilsResolutions.py
phangs_imaging_scripts/phangsPipeline/ftplane_convolution.py
phangs_imaging_scripts/phangsPipeline/utilsKeyReaders.py
phangs_imaging_scripts/phangsPipeline/casaVisRoutines.py
phangs_imaging_scripts/phangsPipeline/scDerivativeRoutines.py
phangs_imaging_scripts/phangsPipeline/casaRoutineTests.py
phangs_imaging_scripts/phangsPipeline/scTemp.py
phangs_imaging_scripts/phangsPipeline/utilsLines.py
phangs_imaging_scripts/phangsPipeline/utilsFilenames.py
phangs_imaging_scripts/phangsPipeline/phangsLogger.py
phangs_imaging_scripts/phangsPipeline/print_uv_ranges.py
phangs_imaging_scripts/phangsPipeline/calctimeonsource.py
phangs_imaging_scripts/setup.cfg
phangs_imaging_scripts/run_derived_pipeline_phangs-alma.py
phangs_imaging_scripts/.git/
phangs_imaging_scripts/.git/objects/
phangs_imaging_scripts/.git/objects/info/
phangs_imaging_scripts/.git/objects/pack/
phangs_imaging_scripts/.git/objects/pack/pack-2d45c81f6f6197e486c85d05c77800d71733b1d9.idx
phangs_imaging_scripts/.git/objects/pack/pack-2d45c81f6f6197e486c85d05c77800d71733b1d9.pack
phangs_imaging_scripts/.git/config
phangs_imaging_scripts/.git/info/
phangs_imaging_scripts/.git/info/exclude
phangs_imaging_scripts/.git/packed-refs
phangs_imaging_scripts/.git/HEAD
phangs_imaging_scripts/.git/logs/
phangs_imaging_scripts/.git/logs/HEAD
phangs_imaging_scripts/.git/logs/refs/
phangs_imaging_scripts/.git/logs/refs/remotes/
phangs_imaging_scripts/.git/logs/refs/remotes/origin/
phangs_imaging_scripts/.git/logs/refs/remotes/origin/HEAD
phangs_imaging_scripts/.git/logs/refs/heads/
phangs_imaging_scripts/.git/logs/refs/heads/master
phangs_imaging_scripts/.git/index
phangs_imaging_scripts/.git/description
phangs_imaging_scripts/.git/refs/
phangs_imaging_scripts/.git/refs/tags/
phangs_imaging_scripts/.git/refs/remotes/
phangs_imaging_scripts/.git/refs/remotes/origin/
phangs_imaging_scripts/.git/refs/remotes/origin/HEAD
phangs_imaging_scripts/.git/refs/heads/
phangs_imaging_scripts/.git/refs/heads/master
phangs_imaging_scripts/.git/branches/
phangs_imaging_scripts/.git/hooks/
phangs_imaging_scripts/.git/hooks/pre-rebase.sample
phangs_imaging_scripts/.git/hooks/prepare-commit-msg.sample
phangs_imaging_scripts/.git/hooks/applypatch-msg.sample
phangs_imaging_scripts/.git/hooks/pre-commit.sample
phangs_imaging_scripts/.git/hooks/update.sample
phangs_imaging_scripts/.git/hooks/commit-msg.sample
phangs_imaging_scripts/.git/hooks/post-update.sample
phangs_imaging_scripts/.git/hooks/pre-applypatch.sample
phangs_imaging_scripts/.git/hooks/pre-push.sample
phangs_imaging_scripts/tox.ini

optional configuration file config.py not found, continuing CASA startup without it

Using matplotlib backend: <object object at 0x7f683fafa390>
Creating a new telemetry file
CASA 6.5.0.15 -- Common Astronomy Software Applications [6.5.0.15]
casaVersion =  6.5.0.15
pytz is not available in this python (used by au.mjdToLocalTime)
imported casatasks and casatools individually
