000 (16178985.027.000) 2023-11-07 18:29:05 Job submitted from host: <128.104.101.92:9618?addrs=128.104.101.92-9618+[2607-f388-107c-501-a236-9fff-fe3c-caa8]-9618&alias=submit2.chtc.wisc.edu&noUDP&sock=schedd_8307_7d51>
    DAG Node: B
...
040 (16178985.027.000) 2023-11-07 18:52:38 Started transferring input files
	Transferring to host: <128.105.69.193:9618?addrs=128.105.69.193-9618+[2607-f388-2200-100-1270-fdff-fe56-4604]-9618&alias=e4046.chtc.wisc.edu&noUDP&sock=slot1_9_833938_8331_23285>
...
040 (16178985.027.000) 2023-11-07 18:52:38 Finished transferring input files
...
001 (16178985.027.000) 2023-11-07 18:52:39 Job executing on host: <128.105.69.193:9618?addrs=128.105.69.193-9618+[2607-f388-2200-100-1270-fdff-fe56-4604]-9618&alias=e4046.chtc.wisc.edu&noUDP&sock=startd_833884_a49a>
	SlotName: slot1_9@e4046.chtc.wisc.edu
	CondorScratchDir = "/var/lib/condor/execute/slot1/dir_908902"
	Cpus = 1
	Disk = 315339505
	IoHeavy = 0
	Memory = 1024
...
006 (16178985.027.000) 2023-11-07 18:52:43 Image size of job updated: 175
	175  -  MemoryUsage of job (MB)
	179700  -  ResidentSetSize of job (KB)
...
040 (16178985.027.000) 2023-11-07 18:52:43 Started transferring output files
...
040 (16178985.027.000) 2023-11-07 18:52:43 Finished transferring output files
...
005 (16178985.027.000) 2023-11-07 18:52:43 Job terminated.
	(1) Normal termination (return value 0)
		Usr 0 00:00:02, Sys 0 00:00:00  -  Run Remote Usage
		Usr 0 00:00:00, Sys 0 00:00:00  -  Run Local Usage
		Usr 0 00:00:02, Sys 0 00:00:00  -  Total Remote Usage
		Usr 0 00:00:00, Sys 0 00:00:00  -  Total Local Usage
	11344  -  Run Bytes Sent By Job
	10233241  -  Run Bytes Received By Job
	11344  -  Total Bytes Sent By Job
	10233241  -  Total Bytes Received By Job
	Partitionable Resources :    Usage   Request Allocated 
	   Cpus                 :        0         1         1 
	   Disk (KB)            :    23540 314572800 315339505 
	   IoHeavy              :                            0 
	   Memory (MB)          :      175      1024      1024 

	Job terminated of its own accord at 2023-11-08T00:52:43Z with exit-code 0.
...
