000 (16178985.012.000) 2023-11-07 18:29:05 Job submitted from host: <128.104.101.92:9618?addrs=128.104.101.92-9618+[2607-f388-107c-501-a236-9fff-fe3c-caa8]-9618&alias=submit2.chtc.wisc.edu&noUDP&sock=schedd_8307_7d51>
    DAG Node: B
...
040 (16178985.012.000) 2023-11-07 18:51:58 Started transferring input files
	Transferring to host: <128.105.69.193:9618?addrs=128.105.69.193-9618+[2607-f388-2200-100-1270-fdff-fe56-4604]-9618&alias=e4046.chtc.wisc.edu&noUDP&sock=slot1_2_833938_8331_23272>
...
040 (16178985.012.000) 2023-11-07 18:51:58 Finished transferring input files
...
001 (16178985.012.000) 2023-11-07 18:51:59 Job executing on host: <128.105.69.193:9618?addrs=128.105.69.193-9618+[2607-f388-2200-100-1270-fdff-fe56-4604]-9618&alias=e4046.chtc.wisc.edu&noUDP&sock=startd_833884_a49a>
	SlotName: slot1_2@e4046.chtc.wisc.edu
	CondorScratchDir = "/var/lib/condor/execute/slot1/dir_897468"
	Cpus = 1
	Disk = 315339505
	IoHeavy = 0
	Memory = 1024
...
040 (16178985.012.000) 2023-11-07 18:52:03 Started transferring output files
...
040 (16178985.012.000) 2023-11-07 18:52:03 Finished transferring output files
...
005 (16178985.012.000) 2023-11-07 18:52:03 Job terminated.
	(1) Normal termination (return value 0)
		Usr 0 00:00:00, Sys 0 00:00:00  -  Run Remote Usage
		Usr 0 00:00:00, Sys 0 00:00:00  -  Run Local Usage
		Usr 0 00:00:00, Sys 0 00:00:00  -  Total Remote Usage
		Usr 0 00:00:00, Sys 0 00:00:00  -  Total Local Usage
	11340  -  Run Bytes Sent By Job
	10233241  -  Run Bytes Received By Job
	11340  -  Total Bytes Sent By Job
	10233241  -  Total Bytes Received By Job
	Partitionable Resources :    Usage   Request Allocated 
	   Cpus                 :        0         1         1 
	   Disk (KB)            :    23540 314572800 315339505 
	   IoHeavy              :                            0 
	   Memory (MB)          :               1024      1024 

	Job terminated of its own accord at 2023-11-08T00:52:03Z with exit-code 0.
...
