000 (16178985.021.000) 2023-11-07 18:29:05 Job submitted from host: <128.104.101.92:9618?addrs=128.104.101.92-9618+[2607-f388-107c-501-a236-9fff-fe3c-caa8]-9618&alias=submit2.chtc.wisc.edu&noUDP&sock=schedd_8307_7d51>
    DAG Node: B
...
040 (16178985.021.000) 2023-11-07 18:52:26 Started transferring input files
	Transferring to host: <128.105.69.187:9618?addrs=128.105.69.187-9618+[2607-f388-2200-100-1270-fdff-fe56-b86c]-9618&alias=e4039.chtc.wisc.edu&noUDP&sock=slot1_3_128241_22b8_23568>
...
040 (16178985.021.000) 2023-11-07 18:52:26 Finished transferring input files
...
001 (16178985.021.000) 2023-11-07 18:52:27 Job executing on host: <128.105.69.187:9618?addrs=128.105.69.187-9618+[2607-f388-2200-100-1270-fdff-fe56-b86c]-9618&alias=e4039.chtc.wisc.edu&noUDP&sock=startd_128196_5f20>
	SlotName: slot1_3@e4039.chtc.wisc.edu
	CondorScratchDir = "/var/lib/condor/execute/slot1/dir_1288230"
	Cpus = 1
	Disk = 315339504
	IoHeavy = 0
	Memory = 1024
...
006 (16178985.021.000) 2023-11-07 18:52:32 Image size of job updated: 302
	302  -  MemoryUsage of job (MB)
	309712  -  ResidentSetSize of job (KB)
...
040 (16178985.021.000) 2023-11-07 18:52:32 Started transferring output files
...
040 (16178985.021.000) 2023-11-07 18:52:32 Finished transferring output files
...
005 (16178985.021.000) 2023-11-07 18:52:32 Job terminated.
	(1) Normal termination (return value 0)
		Usr 0 00:00:02, Sys 0 00:00:00  -  Run Remote Usage
		Usr 0 00:00:00, Sys 0 00:00:00  -  Run Local Usage
		Usr 0 00:00:02, Sys 0 00:00:00  -  Total Remote Usage
		Usr 0 00:00:00, Sys 0 00:00:00  -  Total Local Usage
	11341  -  Run Bytes Sent By Job
	10233241  -  Run Bytes Received By Job
	11341  -  Total Bytes Sent By Job
	10233241  -  Total Bytes Received By Job
	Partitionable Resources :    Usage   Request Allocated 
	   Cpus                 :        0         1         1 
	   Disk (KB)            :    23540 314572800 315339504 
	   IoHeavy              :                            0 
	   Memory (MB)          :      302      1024      1024 

	Job terminated of its own accord at 2023-11-08T00:52:32Z with exit-code 0.
...
