000 (16178989.001.000) 2023-11-07 18:52:52 Job submitted from host: <128.104.101.92:9618?addrs=128.104.101.92-9618+[2607-f388-107c-501-a236-9fff-fe3c-caa8]-9618&alias=submit2.chtc.wisc.edu&noUDP&sock=schedd_8307_7d51>
    DAG Node: C
...
040 (16178989.001.000) 2023-11-07 19:06:59 Started transferring input files
	Transferring to host: <128.105.68.155:9618?addrs=128.105.68.155-9618&alias=e2014.chtc.wisc.edu&noUDP&sock=slot1_2_11160_fabf_39375>
...
040 (16178989.001.000) 2023-11-07 19:06:59 Finished transferring input files
...
001 (16178989.001.000) 2023-11-07 19:07:00 Job executing on host: <128.105.68.155:9618?addrs=128.105.68.155-9618&alias=e2014.chtc.wisc.edu&noUDP&sock=startd_9542_98c8>
	SlotName: slot1_2@e2014.chtc.wisc.edu
	CondorScratchDir = "/var/lib/condor/execute/slot1/dir_181467"
	Cpus = 1
	Disk = 316231525
	IoHeavy = 0
	Memory = 10240
...
006 (16178989.001.000) 2023-11-07 19:07:06 Image size of job updated: 52
	52  -  MemoryUsage of job (MB)
	54072  -  ResidentSetSize of job (KB)
...
004 (16178989.001.000) 2023-11-07 19:07:07 Job was evicted.
	(0) CPU times
		Usr 0 00:00:01, Sys 0 00:00:00  -  Run Remote Usage
		Usr 0 00:00:00, Sys 0 00:00:00  -  Run Local Usage
	0  -  Run Bytes Sent By Job
	2355  -  Run Bytes Received By Job
	Partitionable Resources :    Usage   Request Allocated 
	   Cpus                 :        0         1         1 
	   Disk (KB)            :       83 314572800 316231525 
	   IoHeavy              :                            0 
	   Memory (MB)          :       52     10240     10240 
...
009 (16178989.001.000) 2023-11-07 19:07:07 Job was aborted.
	Node Error: DAG node C (16178989.0.0) failed with signal -1. (by user stelea)
...
