000 (16178989.000.000) 2023-11-07 18:52:52 Job submitted from host: <128.104.101.92:9618?addrs=128.104.101.92-9618+[2607-f388-107c-501-a236-9fff-fe3c-caa8]-9618&alias=submit2.chtc.wisc.edu&noUDP&sock=schedd_8307_7d51>
    DAG Node: C
...
040 (16178989.000.000) 2023-11-07 19:04:59 Started transferring input files
	Transferring to host: <128.105.68.155:9618?addrs=128.105.68.155-9618&alias=e2014.chtc.wisc.edu&noUDP&sock=slot1_2_11160_fabf_39366>
...
040 (16178989.000.000) 2023-11-07 19:04:59 Finished transferring input files
...
001 (16178989.000.000) 2023-11-07 19:05:01 Job executing on host: <128.105.68.155:9618?addrs=128.105.68.155-9618&alias=e2014.chtc.wisc.edu&noUDP&sock=startd_9542_98c8>
	SlotName: slot1_2@e2014.chtc.wisc.edu
	CondorScratchDir = "/var/lib/condor/execute/slot1/dir_179407"
	Cpus = 1
	Disk = 316231525
	IoHeavy = 0
	Memory = 10240
...
006 (16178989.000.000) 2023-11-07 19:06:54 Image size of job updated: 49
	49  -  MemoryUsage of job (MB)
	50996  -  ResidentSetSize of job (KB)
...
040 (16178989.000.000) 2023-11-07 19:06:55 Started transferring output files
...
040 (16178989.000.000) 2023-11-07 19:06:55 Finished transferring output files
...
005 (16178989.000.000) 2023-11-07 19:06:59 Job terminated.
	(1) Normal termination (return value 1)
		Usr 0 00:00:01, Sys 0 00:00:00  -  Run Remote Usage
		Usr 0 00:00:00, Sys 0 00:00:00  -  Run Local Usage
		Usr 0 00:00:01, Sys 0 00:00:00  -  Total Remote Usage
		Usr 0 00:00:00, Sys 0 00:00:00  -  Total Local Usage
	4230  -  Run Bytes Sent By Job
	2355  -  Run Bytes Received By Job
	4230  -  Total Bytes Sent By Job
	2355  -  Total Bytes Received By Job
	Partitionable Resources :    Usage   Request Allocated 
	   Cpus                 :        0         1         1 
	   Disk (KB)            :       87 314572800 316231525 
	   IoHeavy              :                            0 
	   Memory (MB)          :       49     10240     10240 

	Job terminated of its own accord at 2023-11-08T01:06:54Z with exit-code 1.
...
